#
# There is insufficient memory for the Java Runtime Environment to continue.
# Native memory allocation (malloc) failed to allocate 1675536 bytes for Chunk::new
# Possible reasons:
#   The system is out of physical RAM or swap space
#   The process is running with CompressedOops enabled, and the Java Heap may be blocking the growth of the native heap
# Possible solutions:
#   Reduce memory load on the system
#   Increase physical memory or swap space
#   Check if swap backing store is full
#   Decrease Java heap size (-Xmx/-Xms)
#   Decrease number of Java threads
#   Decrease Java thread stack sizes (-Xss)
#   Set larger code cache with -XX:ReservedCodeCacheSize=
#   JVM is running with Unscaled Compressed Oops mode in which the Java heap is
#     placed in the first 4GB address space. The Java Heap base address is the
#     maximum limit for the native heap growth. Please use -XX:HeapBaseMinAddress
#     to set the Java Heap base and to place the Java Heap above 4GB virtual address.
# This output file may be truncated or incomplete.
#
#  Out of Memory Error (arena.cpp:189), pid=6524, tid=19164
#
# JRE version: Java(TM) SE Runtime Environment (17.0.4.1+1) (build 17.0.4.1+1-LTS-2)
# Java VM: Java HotSpot(TM) 64-Bit Server VM (17.0.4.1+1-LTS-2, mixed mode, sharing, tiered, compressed oops, compressed class ptrs, g1 gc, windows-amd64)
# No core dump will be written. Minidumps are not enabled by default on client versions of Windows
#

---------------  S U M M A R Y ------------

Command Line: -XX:MaxMetaspaceSize=512m --add-opens=java.base/java.util=ALL-UNNAMED --add-opens=java.base/java.lang=ALL-UNNAMED --add-opens=java.base/java.lang.invoke=ALL-UNNAMED --add-opens=java.base/java.util=ALL-UNNAMED --add-opens=java.prefs/java.util.prefs=ALL-UNNAMED --add-opens=java.prefs/java.util.prefs=ALL-UNNAMED --add-opens=java.base/java.nio.charset=ALL-UNNAMED --add-opens=java.base/java.net=ALL-UNNAMED --add-opens=java.base/java.util.concurrent.atomic=ALL-UNNAMED -Xmx2048m -Dfile.encoding=windows-1252 -Duser.country=US -Duser.language=en -Duser.variant org.gradle.launcher.daemon.bootstrap.GradleDaemon 7.5.1

Host: Intel(R) Core(TM) i5-8265U CPU @ 1.60GHz, 8 cores, 7G,  Windows 10 , 64 bit Build 19041 (10.0.19041.1889)
Time: Tue Sep 20 15:19:16 2022 E. Africa Standard Time elapsed time: 207.930225 seconds (0d 0h 3m 27s)

---------------  T H R E A D  ---------------

Current thread (0x00000217d41ea5a0):  JavaThread "C2 CompilerThread0" daemon [_thread_in_native, id=19164, stack(0x00000096c9f00000,0x00000096ca000000)]


Current CompileTask:
C2: 207930 17357       4       javax.management.ObjectName::construct (1135 bytes)

Stack: [0x00000096c9f00000,0x00000096ca000000]
Native frames: (J=compiled Java code, j=interpreted, Vv=VM code, C=native code)
V  [jvm.dll+0x6723ba]
V  [jvm.dll+0x7d1e34]
V  [jvm.dll+0x7d35de]
V  [jvm.dll+0x7d3c43]
V  [jvm.dll+0x243065]
V  [jvm.dll+0xaa57b]
V  [jvm.dll+0xaab0c]
V  [jvm.dll+0x360467]
V  [jvm.dll+0x1ba0c8]
V  [jvm.dll+0x2162f9]
V  [jvm.dll+0x2155c1]
V  [jvm.dll+0x1a1fcd]
V  [jvm.dll+0x224e08]
V  [jvm.dll+0x222f75]
V  [jvm.dll+0x787a0b]
V  [jvm.dll+0x781fca]
V  [jvm.dll+0x671245]
C  [ucrtbase.dll+0x21bb2]
C  [KERNEL32.DLL+0x17034]
C  [ntdll.dll+0x52651]


---------------  P R O C E S S  ---------------

Threads class SMR info:
_java_thread_list=0x00000217d90c6d90, length=139, elements={
0x00000217b6021760, 0x00000217d41c3cc0, 0x00000217d41c4a40, 0x00000217d41d7410,
0x00000217d41dae50, 0x00000217d41dcb20, 0x00000217d41e6400, 0x00000217d41ea5a0,
0x00000217d41eaf50, 0x00000217d41eb850, 0x00000217d4cc2760, 0x00000217d4cc5270,
0x00000217d6213ae0, 0x00000217d639dc20, 0x00000217d639e0f0, 0x00000217d62c4020,
0x00000217d62c44f0, 0x00000217d6451340, 0x00000217d67c9a30, 0x00000217d61fb1b0,
0x00000217d61face0, 0x00000217d61f9e70, 0x00000217d61fa810, 0x00000217d61fc020,
0x00000217d61fc4f0, 0x00000217d61fa340, 0x00000217d61fce90, 0x00000217d61fb680,
0x00000217d61fd360, 0x00000217d61fc9c0, 0x00000217d61fbb50, 0x00000217d918e5a0,
0x00000217d91893d0, 0x00000217d918e0d0, 0x00000217d9189d70, 0x00000217d918ba50,
0x00000217d918abe0, 0x00000217d918f410, 0x00000217d9190750, 0x00000217d918b0b0,
0x00000217d918dc00, 0x00000217d918a240, 0x00000217d918bf20, 0x00000217d918ef40,
0x00000217d918a710, 0x00000217d918ea70, 0x00000217d918d730, 0x00000217d918f8e0,
0x00000217d918c8c0, 0x00000217d918fdb0, 0x00000217d918cd90, 0x00000217d97493a0,
0x00000217d9749870, 0x00000217d974b080, 0x00000217d974f3e0, 0x00000217d974c890,
0x00000217d974b550, 0x00000217d9748060, 0x00000217d9749d40, 0x00000217d974a210,
0x00000217d974ea40, 0x00000217d974a6e0, 0x00000217d974d230, 0x00000217d974abb0,
0x00000217d974ba20, 0x00000217d974bef0, 0x00000217d974ef10, 0x00000217d974cd60,
0x00000217d9748a00, 0x00000217d974d700, 0x00000217d974f8b0, 0x00000217d974dbd0,
0x00000217d9748530, 0x00000217d974e0a0, 0x00000217d974e570, 0x00000217d9748ed0,
0x00000217d74907b0, 0x00000217d7491150, 0x00000217d7490c80, 0x00000217d748bf80,
0x00000217d748efa0, 0x00000217d748f940, 0x00000217d748f470, 0x00000217d7491af0,
0x00000217d7491620, 0x00000217d7491fc0, 0x00000217d748c450, 0x00000217d748bab0,
0x00000217d748ac40, 0x00000217d7492490, 0x00000217d748c920, 0x00000217d748ead0,
0x00000217d748dc60, 0x00000217d748fe10, 0x00000217d74902e0, 0x00000217d748e130,
0x00000217d748b110, 0x00000217d748cdf0, 0x00000217d748b5e0, 0x00000217d748d2c0,
0x00000217d748d790, 0x00000217d748e600, 0x00000217d6945a80, 0x00000217d6946420,
0x00000217d6944270, 0x00000217d6945f50, 0x00000217d69468f0, 0x00000217d6946dc0,
0x00000217d6948100, 0x00000217d694b5f0, 0x00000217d694a780, 0x00000217d61f99a0,
0x00000217df3ec070, 0x00000217df3ed880, 0x00000217df3edd50, 0x00000217df3ee6f0,
0x00000217df3eebc0, 0x00000217df3ec540, 0x00000217df3ee220, 0x00000217df3eca10,
0x00000217df3ef090, 0x00000217df3ecee0, 0x00000217df3ed3b0, 0x00000217df3eb6d0,
0x00000217d6947c30, 0x00000217dbef4f00, 0x00000217dbef70b0, 0x00000217dbef7f20,
0x00000217dbef6710, 0x00000217dbef7580, 0x00000217dbef6be0, 0x00000217dbef7a50,
0x00000217dbef83f0, 0x00000217dbef88c0, 0x00000217dbef53d0, 0x00000217dbef5d70,
0x00000217df5acd60, 0x00000217df5a8530, 0x00000217df5ad230
}

Java Threads: ( => current thread )
  0x00000217b6021760 JavaThread "main" [_thread_blocked, id=19064, stack(0x00000096c9200000,0x00000096c9300000)]
  0x00000217d41c3cc0 JavaThread "Reference Handler" daemon [_thread_blocked, id=17492, stack(0x00000096c9900000,0x00000096c9a00000)]
  0x00000217d41c4a40 JavaThread "Finalizer" daemon [_thread_blocked, id=24376, stack(0x00000096c9a00000,0x00000096c9b00000)]
  0x00000217d41d7410 JavaThread "Signal Dispatcher" daemon [_thread_blocked, id=11108, stack(0x00000096c9b00000,0x00000096c9c00000)]
  0x00000217d41dae50 JavaThread "Attach Listener" daemon [_thread_blocked, id=33768, stack(0x00000096c9c00000,0x00000096c9d00000)]
  0x00000217d41dcb20 JavaThread "Service Thread" daemon [_thread_blocked, id=8236, stack(0x00000096c9d00000,0x00000096c9e00000)]
  0x00000217d41e6400 JavaThread "Monitor Deflation Thread" daemon [_thread_blocked, id=16092, stack(0x00000096c9e00000,0x00000096c9f00000)]
=>0x00000217d41ea5a0 JavaThread "C2 CompilerThread0" daemon [_thread_in_native, id=19164, stack(0x00000096c9f00000,0x00000096ca000000)]
  0x00000217d41eaf50 JavaThread "C1 CompilerThread0" daemon [_thread_blocked, id=23732, stack(0x00000096ca000000,0x00000096ca100000)]
  0x00000217d41eb850 JavaThread "Sweeper thread" daemon [_thread_blocked, id=29580, stack(0x00000096ca100000,0x00000096ca200000)]
  0x00000217d4cc2760 JavaThread "Common-Cleaner" daemon [_thread_blocked, id=27572, stack(0x00000096ca200000,0x00000096ca300000)]
  0x00000217d4cc5270 JavaThread "Notification Thread" daemon [_thread_blocked, id=10388, stack(0x00000096ca300000,0x00000096ca400000)]
  0x00000217d6213ae0 JavaThread "Daemon health stats" [_thread_blocked, id=16196, stack(0x00000096ca900000,0x00000096caa00000)]
  0x00000217d639dc20 JavaThread "Incoming local TCP Connector on port 56543" [_thread_in_native, id=5164, stack(0x00000096caa00000,0x00000096cab00000)]
  0x00000217d639e0f0 JavaThread "Daemon periodic checks" [_thread_blocked, id=3312, stack(0x00000096cab00000,0x00000096cac00000)]
  0x00000217d62c4020 JavaThread "Daemon" [_thread_blocked, id=23780, stack(0x00000096cac00000,0x00000096cad00000)]
  0x00000217d62c44f0 JavaThread "Handler for socket connection from /127.0.0.1:56543 to /127.0.0.1:56544" [_thread_in_native, id=18748, stack(0x00000096cad00000,0x00000096cae00000)]
  0x00000217d6451340 JavaThread "Cancel handler" [_thread_blocked, id=12256, stack(0x00000096cae00000,0x00000096caf00000)]
  0x00000217d67c9a30 JavaThread "Daemon worker" [_thread_blocked, id=28484, stack(0x00000096caf00000,0x00000096cb000000)]
  0x00000217d61fb1b0 JavaThread "Asynchronous log dispatcher for DefaultDaemonConnection: socket connection from /127.0.0.1:56543 to /127.0.0.1:56544" [_thread_blocked, id=30524, stack(0x00000096cb000000,0x00000096cb100000)]
  0x00000217d61face0 JavaThread "Stdin handler" [_thread_blocked, id=33412, stack(0x00000096cb100000,0x00000096cb200000)]
  0x00000217d61f9e70 JavaThread "Daemon client event forwarder" [_thread_blocked, id=13192, stack(0x00000096cb200000,0x00000096cb300000)]
  0x00000217d61fa810 JavaThread "Cache worker for journal cache (C:\Users\HP\.gradle\caches\journal-1)" [_thread_blocked, id=24436, stack(0x00000096cb300000,0x00000096cb400000)]
  0x00000217d61fc020 JavaThread "File lock request listener" [_thread_in_native, id=10140, stack(0x00000096cb400000,0x00000096cb500000)]
  0x00000217d61fc4f0 JavaThread "Cache worker for file hash cache (C:\Users\HP\.gradle\caches\7.5.1\fileHashes)" [_thread_blocked, id=27540, stack(0x00000096cb500000,0x00000096cb600000)]
  0x00000217d61fa340 JavaThread "File watcher server" daemon [_thread_in_native, id=19612, stack(0x00000096cb900000,0x00000096cba00000)]
  0x00000217d61fce90 JavaThread "File watcher consumer" daemon [_thread_blocked, id=32080, stack(0x00000096cba00000,0x00000096cbb00000)]
  0x00000217d61fb680 JavaThread "Cache worker for checksums cache (C:\Users\HP\workspace\TestNexgoNativeModule\android\.gradle\7.5.1\checksums)" [_thread_blocked, id=31120, stack(0x00000096cbb00000,0x00000096cbc00000)]
  0x00000217d61fd360 JavaThread "Cache worker for cache directory md-rule (C:\Users\HP\.gradle\caches\7.5.1\md-rule)" [_thread_blocked, id=26700, stack(0x00000096cbc00000,0x00000096cbd00000)]
  0x00000217d61fc9c0 JavaThread "Cache worker for file content cache (C:\Users\HP\.gradle\caches\7.5.1\fileContent)" [_thread_blocked, id=33564, stack(0x00000096cbd00000,0x00000096cbe00000)]
  0x00000217d61fbb50 JavaThread "Cache worker for file hash cache (C:\Users\HP\workspace\TestNexgoNativeModule\android\.gradle\7.5.1\fileHashes)" [_thread_blocked, id=33252, stack(0x00000096cbe00000,0x00000096cbf00000)]
  0x00000217d918e5a0 JavaThread "Cache worker for cache directory md-supplier (C:\Users\HP\.gradle\caches\7.5.1\md-supplier)" [_thread_blocked, id=24840, stack(0x00000096cbf00000,0x00000096cc000000)]
  0x00000217d91893d0 JavaThread "Cache worker for execution history cache (C:\Users\HP\.gradle\caches\7.5.1\executionHistory)" [_thread_blocked, id=23788, stack(0x00000096cc100000,0x00000096cc200000)]
  0x00000217d918e0d0 JavaThread "jar transforms" [_thread_blocked, id=8700, stack(0x00000096cc200000,0x00000096cc300000)]
  0x00000217d9189d70 JavaThread "jar transforms Thread 2" [_thread_blocked, id=25504, stack(0x00000096cc300000,0x00000096cc400000)]
  0x00000217d918ba50 JavaThread "jar transforms Thread 3" [_thread_blocked, id=5696, stack(0x00000096cc400000,0x00000096cc500000)]
  0x00000217d918abe0 JavaThread "jar transforms Thread 4" [_thread_blocked, id=32432, stack(0x00000096cc500000,0x00000096cc600000)]
  0x00000217d918f410 JavaThread "jar transforms Thread 5" [_thread_blocked, id=20724, stack(0x00000096cc600000,0x00000096cc700000)]
  0x00000217d9190750 JavaThread "jar transforms Thread 6" [_thread_blocked, id=33288, stack(0x00000096cc700000,0x00000096cc800000)]
  0x00000217d918b0b0 JavaThread "Cache worker for kotlin-dsl (C:\Users\HP\.gradle\caches\7.5.1\kotlin-dsl)" [_thread_blocked, id=32984, stack(0x00000096cc800000,0x00000096cc900000)]
  0x00000217d918dc00 JavaThread "File lock release action executor" [_thread_blocked, id=33416, stack(0x00000096ccb00000,0x00000096ccc00000)]
  0x00000217d918a240 JavaThread "jar transforms Thread 7" [_thread_blocked, id=24812, stack(0x00000096c9000000,0x00000096c9100000)]
  0x00000217d918bf20 JavaThread "jar transforms Thread 8" [_thread_blocked, id=19912, stack(0x00000096c9100000,0x00000096c9200000)]
  0x00000217d918ef40 JavaThread "Cache worker for dependencies-accessors (C:\Users\HP\workspace\TestNexgoNativeModule\android\.gradle\7.5.1\dependencies-accessors)" [_thread_blocked, id=6568, stack(0x00000096ccc00000,0x00000096ccd00000)]
  0x00000217d918a710 JavaThread "Cache worker for Build Output Cleanup Cache (C:\Users\HP\workspace\TestNexgoNativeModule\node_modules\react-native-gradle-plugin\.gradle\buildOutputCleanup)" [_thread_blocked, id=25084, stack(0x00000096ccd00000,0x00000096cce00000)]
  0x00000217d918ea70 JavaThread "Unconstrained build operations" [_thread_blocked, id=16200, stack(0x00000096ccf00000,0x00000096cd000000)]
  0x00000217d918d730 JavaThread "Unconstrained build operations Thread 2" [_thread_blocked, id=6560, stack(0x00000096cd000000,0x00000096cd100000)]
  0x00000217d918f8e0 JavaThread "Unconstrained build operations Thread 3" [_thread_in_native, id=24460, stack(0x00000096cd100000,0x00000096cd200000)]
  0x00000217d918c8c0 JavaThread "Unconstrained build operations Thread 4" [_thread_blocked, id=31892, stack(0x00000096cd200000,0x00000096cd300000)]
  0x00000217d918fdb0 JavaThread "Unconstrained build operations Thread 5" [_thread_blocked, id=15108, stack(0x00000096cd300000,0x00000096cd400000)]
  0x00000217d918cd90 JavaThread "Unconstrained build operations Thread 6" [_thread_blocked, id=19596, stack(0x00000096cd400000,0x00000096cd500000)]
  0x00000217d97493a0 JavaThread "Unconstrained build operations Thread 7" [_thread_blocked, id=33292, stack(0x00000096cd500000,0x00000096cd600000)]
  0x00000217d9749870 JavaThread "Unconstrained build operations Thread 8" [_thread_in_native, id=24116, stack(0x00000096cd600000,0x00000096cd700000)]
  0x00000217d974b080 JavaThread "Unconstrained build operations Thread 9" [_thread_blocked, id=8664, stack(0x00000096cd700000,0x00000096cd800000)]
  0x00000217d974f3e0 JavaThread "Unconstrained build operations Thread 10" [_thread_blocked, id=17368, stack(0x00000096cd800000,0x00000096cd900000)]
  0x00000217d974c890 JavaThread "Unconstrained build operations Thread 11" [_thread_blocked, id=5872, stack(0x00000096cd900000,0x00000096cda00000)]
  0x00000217d974b550 JavaThread "Unconstrained build operations Thread 12" [_thread_blocked, id=22856, stack(0x00000096cda00000,0x00000096cdb00000)]
  0x00000217d9748060 JavaThread "Unconstrained build operations Thread 13" [_thread_blocked, id=30020, stack(0x00000096cdb00000,0x00000096cdc00000)]
  0x00000217d9749d40 JavaThread "Unconstrained build operations Thread 14" [_thread_blocked, id=11860, stack(0x00000096cdc00000,0x00000096cdd00000)]
  0x00000217d974a210 JavaThread "Unconstrained build operations Thread 15" [_thread_blocked, id=16232, stack(0x00000096cdd00000,0x00000096cde00000)]
  0x00000217d974ea40 JavaThread "Unconstrained build operations Thread 16" [_thread_blocked, id=26520, stack(0x00000096c8f00000,0x00000096c9000000)]
  0x00000217d974a6e0 JavaThread "Unconstrained build operations Thread 17" [_thread_blocked, id=9984, stack(0x00000096cde00000,0x00000096cdf00000)]
  0x00000217d974d230 JavaThread "Unconstrained build operations Thread 18" [_thread_blocked, id=23096, stack(0x00000096cdf00000,0x00000096ce000000)]
  0x00000217d974abb0 JavaThread "Unconstrained build operations Thread 19" [_thread_blocked, id=30488, stack(0x00000096ce000000,0x00000096ce100000)]
  0x00000217d974ba20 JavaThread "Unconstrained build operations Thread 20" [_thread_blocked, id=2812, stack(0x00000096ce100000,0x00000096ce200000)]
  0x00000217d974bef0 JavaThread "Unconstrained build operations Thread 21" [_thread_blocked, id=14984, stack(0x00000096ce200000,0x00000096ce300000)]
  0x00000217d974ef10 JavaThread "Unconstrained build operations Thread 22" [_thread_blocked, id=7196, stack(0x00000096ce500000,0x00000096ce600000)]
  0x00000217d974cd60 JavaThread "Unconstrained build operations Thread 23" [_thread_blocked, id=19576, stack(0x00000096ce600000,0x00000096ce700000)]
  0x00000217d9748a00 JavaThread "Unconstrained build operations Thread 24" [_thread_blocked, id=28532, stack(0x00000096ce700000,0x00000096ce800000)]
  0x00000217d974d700 JavaThread "Unconstrained build operations Thread 25" [_thread_blocked, id=412, stack(0x00000096ce800000,0x00000096ce900000)]
  0x00000217d974f8b0 JavaThread "Unconstrained build operations Thread 26" [_thread_blocked, id=928, stack(0x00000096ce900000,0x00000096cea00000)]
  0x00000217d974dbd0 JavaThread "Unconstrained build operations Thread 27" [_thread_blocked, id=28548, stack(0x00000096cea00000,0x00000096ceb00000)]
  0x00000217d9748530 JavaThread "Unconstrained build operations Thread 28" [_thread_blocked, id=32836, stack(0x00000096ce300000,0x00000096ce400000)]
  0x00000217d974e0a0 JavaThread "Unconstrained build operations Thread 29" [_thread_blocked, id=29688, stack(0x00000096ce400000,0x00000096ce500000)]
  0x00000217d974e570 JavaThread "Unconstrained build operations Thread 30" [_thread_blocked, id=20980, stack(0x00000096ceb00000,0x00000096cec00000)]
  0x00000217d9748ed0 JavaThread "Unconstrained build operations Thread 31" [_thread_blocked, id=33304, stack(0x00000096cec00000,0x00000096ced00000)]
  0x00000217d74907b0 JavaThread "Unconstrained build operations Thread 32" [_thread_blocked, id=16088, stack(0x00000096ced00000,0x00000096cee00000)]
  0x00000217d7491150 JavaThread "Unconstrained build operations Thread 33" [_thread_blocked, id=25940, stack(0x00000096cee00000,0x00000096cef00000)]
  0x00000217d7490c80 JavaThread "Unconstrained build operations Thread 34" [_thread_blocked, id=15520, stack(0x00000096cef00000,0x00000096cf000000)]
  0x00000217d748bf80 JavaThread "Unconstrained build operations Thread 35" [_thread_blocked, id=1232, stack(0x00000096cf000000,0x00000096cf100000)]
  0x00000217d748efa0 JavaThread "Unconstrained build operations Thread 36" [_thread_blocked, id=18920, stack(0x00000096cf100000,0x00000096cf200000)]
  0x00000217d748f940 JavaThread "Unconstrained build operations Thread 37" [_thread_blocked, id=28764, stack(0x00000096cf200000,0x00000096cf300000)]
  0x00000217d748f470 JavaThread "Unconstrained build operations Thread 38" [_thread_blocked, id=12292, stack(0x00000096cf300000,0x00000096cf400000)]
  0x00000217d7491af0 JavaThread "Unconstrained build operations Thread 39" [_thread_blocked, id=10556, stack(0x00000096cf400000,0x00000096cf500000)]
  0x00000217d7491620 JavaThread "Unconstrained build operations Thread 40" [_thread_blocked, id=33208, stack(0x00000096cf500000,0x00000096cf600000)]
  0x00000217d7491fc0 JavaThread "Unconstrained build operations Thread 41" [_thread_blocked, id=7496, stack(0x00000096cf600000,0x00000096cf700000)]
  0x00000217d748c450 JavaThread "Unconstrained build operations Thread 42" [_thread_blocked, id=16340, stack(0x00000096cf700000,0x00000096cf800000)]
  0x00000217d748bab0 JavaThread "Unconstrained build operations Thread 43" [_thread_blocked, id=14220, stack(0x00000096cf800000,0x00000096cf900000)]
  0x00000217d748ac40 JavaThread "Unconstrained build operations Thread 44" [_thread_blocked, id=28976, stack(0x00000096cf900000,0x00000096cfa00000)]
  0x00000217d7492490 JavaThread "Unconstrained build operations Thread 45" [_thread_blocked, id=7472, stack(0x00000096cfa00000,0x00000096cfb00000)]
  0x00000217d748c920 JavaThread "Unconstrained build operations Thread 46" [_thread_blocked, id=22272, stack(0x00000096cfb00000,0x00000096cfc00000)]
  0x00000217d748ead0 JavaThread "Unconstrained build operations Thread 47" [_thread_blocked, id=32440, stack(0x00000096cfc00000,0x00000096cfd00000)]
  0x00000217d748dc60 JavaThread "Unconstrained build operations Thread 48" [_thread_blocked, id=29452, stack(0x00000096cfd00000,0x00000096cfe00000)]
  0x00000217d748fe10 JavaThread "Unconstrained build operations Thread 49" [_thread_blocked, id=13040, stack(0x00000096cfe00000,0x00000096cff00000)]
  0x00000217d74902e0 JavaThread "Unconstrained build operations Thread 50" [_thread_blocked, id=6676, stack(0x00000096cff00000,0x00000096d0000000)]
  0x00000217d748e130 JavaThread "Unconstrained build operations Thread 51" [_thread_blocked, id=14820, stack(0x00000096d0000000,0x00000096d0100000)]
  0x00000217d748b110 JavaThread "Unconstrained build operations Thread 52" [_thread_blocked, id=6972, stack(0x00000096d0100000,0x00000096d0200000)]
  0x00000217d748cdf0 JavaThread "Unconstrained build operations Thread 53" [_thread_blocked, id=32084, stack(0x00000096d0200000,0x00000096d0300000)]
  0x00000217d748b5e0 JavaThread "Unconstrained build operations Thread 54" [_thread_blocked, id=18960, stack(0x00000096d0300000,0x00000096d0400000)]
  0x00000217d748d2c0 JavaThread "Unconstrained build operations Thread 55" [_thread_blocked, id=27320, stack(0x00000096d0400000,0x00000096d0500000)]
  0x00000217d748d790 JavaThread "Unconstrained build operations Thread 56" [_thread_blocked, id=23792, stack(0x00000096d0500000,0x00000096d0600000)]
  0x00000217d748e600 JavaThread "Unconstrained build operations Thread 57" [_thread_blocked, id=7060, stack(0x00000096d0600000,0x00000096d0700000)]
  0x00000217d6945a80 JavaThread "Unconstrained build operations Thread 58" [_thread_blocked, id=29372, stack(0x00000096d0700000,0x00000096d0800000)]
  0x00000217d6946420 JavaThread "Unconstrained build operations Thread 59" [_thread_blocked, id=4612, stack(0x00000096d0800000,0x00000096d0900000)]
  0x00000217d6944270 JavaThread "Unconstrained build operations Thread 60" [_thread_blocked, id=9808, stack(0x00000096d0900000,0x00000096d0a00000)]
  0x00000217d6945f50 JavaThread "Unconstrained build operations Thread 61" [_thread_blocked, id=32252, stack(0x00000096d0b00000,0x00000096d0c00000)]
  0x00000217d69468f0 JavaThread "Unconstrained build operations Thread 62" [_thread_blocked, id=26176, stack(0x00000096d0c00000,0x00000096d0d00000)]
  0x00000217d6946dc0 JavaThread "build event listener" [_thread_blocked, id=14436, stack(0x00000096d0d00000,0x00000096d0e00000)]
  0x00000217d6948100 JavaThread "Memory manager" [_thread_blocked, id=21336, stack(0x00000096d0a00000,0x00000096d0b00000)]
  0x00000217d694b5f0 JavaThread "Kotlin DSL Writer" [_thread_blocked, id=20604, stack(0x00000096d0e00000,0x00000096d0f00000)]
  0x00000217d694a780 JavaThread "Cache worker for Build Output Cleanup Cache (C:\Users\HP\workspace\TestNexgoNativeModule\android\.gradle\buildOutputCleanup)" [_thread_blocked, id=32664, stack(0x00000096d1600000,0x00000096d1700000)]
  0x00000217d61f99a0 JavaThread "Unconstrained build operations Thread 63" [_thread_blocked, id=9404, stack(0x00000096d1700000,0x00000096d1800000)]
  0x00000217df3ec070 JavaThread "Unconstrained build operations Thread 64" [_thread_blocked, id=9968, stack(0x00000096d1800000,0x00000096d1900000)]
  0x00000217df3ed880 JavaThread "Unconstrained build operations Thread 65" [_thread_blocked, id=10616, stack(0x00000096d1900000,0x00000096d1a00000)]
  0x00000217df3edd50 JavaThread "Unconstrained build operations Thread 66" [_thread_blocked, id=20680, stack(0x00000096d1a00000,0x00000096d1b00000)]
  0x00000217df3ee6f0 JavaThread "Unconstrained build operations Thread 67" [_thread_blocked, id=25184, stack(0x00000096d1b00000,0x00000096d1c00000)]
  0x00000217df3eebc0 JavaThread "Unconstrained build operations Thread 68" [_thread_blocked, id=32816, stack(0x00000096d1c00000,0x00000096d1d00000)]
  0x00000217df3ec540 JavaThread "Unconstrained build operations Thread 69" [_thread_blocked, id=20868, stack(0x00000096d1d00000,0x00000096d1e00000)]
  0x00000217df3ee220 JavaThread "Unconstrained build operations Thread 70" [_thread_blocked, id=29136, stack(0x00000096d1e00000,0x00000096d1f00000)]
  0x00000217df3eca10 JavaThread "File lock release action executor Thread 2" [_thread_blocked, id=33028, stack(0x00000096d1f00000,0x00000096d2000000)]
  0x00000217df3ef090 JavaThread "Unconstrained build operations Thread 71" [_thread_blocked, id=30048, stack(0x00000096d2000000,0x00000096d2100000)]
  0x00000217df3ecee0 JavaThread "Unconstrained build operations Thread 72" [_thread_blocked, id=26628, stack(0x00000096d2100000,0x00000096d2200000)]
  0x00000217df3ed3b0 JavaThread "Unconstrained build operations Thread 73" [_thread_blocked, id=28984, stack(0x00000096d2200000,0x00000096d2300000)]
  0x00000217df3eb6d0 JavaThread "Unconstrained build operations Thread 74" [_thread_blocked, id=24896, stack(0x00000096d2300000,0x00000096d2400000)]
  0x00000217d6947c30 JavaThread "Unconstrained build operations Thread 75" [_thread_blocked, id=10700, stack(0x00000096d2400000,0x00000096d2500000)]
  0x00000217dbef4f00 JavaThread "Unconstrained build operations Thread 76" [_thread_blocked, id=1344, stack(0x00000096d2500000,0x00000096d2600000)]
  0x00000217dbef70b0 JavaThread "Unconstrained build operations Thread 77" [_thread_blocked, id=33488, stack(0x00000096d2600000,0x00000096d2700000)]
  0x00000217dbef7f20 JavaThread "Unconstrained build operations Thread 78" [_thread_blocked, id=6732, stack(0x00000096d2700000,0x00000096d2800000)]
  0x00000217dbef6710 JavaThread "Unconstrained build operations Thread 79" [_thread_blocked, id=4696, stack(0x00000096d2800000,0x00000096d2900000)]
  0x00000217dbef7580 JavaThread "Unconstrained build operations Thread 80" [_thread_blocked, id=18636, stack(0x00000096d2900000,0x00000096d2a00000)]
  0x00000217dbef6be0 JavaThread "included builds" [_thread_blocked, id=23956, stack(0x00000096d2a00000,0x00000096d2b00000)]
  0x00000217dbef7a50 JavaThread "Execution worker" [_thread_blocked, id=31876, stack(0x00000096d2b00000,0x00000096d2c00000)]
  0x00000217dbef83f0 JavaThread "Execution worker Thread 2" [_thread_blocked, id=31004, stack(0x00000096d2c00000,0x00000096d2d00000)]
  0x00000217dbef88c0 JavaThread "Execution worker Thread 3" [_thread_blocked, id=3236, stack(0x00000096d2d00000,0x00000096d2e00000)]
  0x00000217dbef53d0 JavaThread "Execution worker Thread 4" [_thread_blocked, id=1692, stack(0x00000096d2e00000,0x00000096d2f00000)]
  0x00000217dbef5d70 JavaThread "Execution worker Thread 5" [_thread_blocked, id=29988, stack(0x00000096d2f00000,0x00000096d3000000)]
  0x00000217df5acd60 JavaThread "Execution worker Thread 6" [_thread_blocked, id=27456, stack(0x00000096d3000000,0x00000096d3100000)]
  0x00000217df5a8530 JavaThread "Execution worker Thread 7" [_thread_blocked, id=12856, stack(0x00000096d3100000,0x00000096d3200000)]
  0x00000217df5ad230 JavaThread "Cache worker for execution history cache (C:\Users\HP\workspace\TestNexgoNativeModule\node_modules\react-native-gradle-plugin\.gradle\7.5.1\executionHistory)" [_thread_blocked, id=1552, stack(0x00000096d3200000,0x00000096d3300000)]

Other Threads:
  0x00000217d41bd8f0 VMThread "VM Thread" [stack: 0x00000096c9800000,0x00000096c9900000] [id=6828]
  0x00000217d4cc9b60 WatcherThread [stack: 0x00000096ca400000,0x00000096ca500000] [id=16840]
  0x00000217b607d610 GCTaskThread "GC Thread#0" [stack: 0x00000096c9300000,0x00000096c9400000] [id=21784]
  0x00000217d58e0190 GCTaskThread "GC Thread#1" [stack: 0x00000096ca500000,0x00000096ca600000] [id=12452]
  0x00000217d58e0440 GCTaskThread "GC Thread#2" [stack: 0x00000096ca600000,0x00000096ca700000] [id=14192]
  0x00000217d57df830 GCTaskThread "GC Thread#3" [stack: 0x00000096ca700000,0x00000096ca800000] [id=21352]
  0x00000217d5c2f5c0 GCTaskThread "GC Thread#4" [stack: 0x00000096ca800000,0x00000096ca900000] [id=28408]
  0x00000217d6565320 GCTaskThread "GC Thread#5" [stack: 0x00000096cb600000,0x00000096cb700000] [id=9988]
  0x00000217d6565880 GCTaskThread "GC Thread#6" [stack: 0x00000096cb700000,0x00000096cb800000] [id=33492]
  0x00000217d6566340 GCTaskThread "GC Thread#7" [stack: 0x00000096cb800000,0x00000096cb900000] [id=11528]
  0x00000217b608ec00 ConcurrentGCThread "G1 Main Marker" [stack: 0x00000096c9400000,0x00000096c9500000] [id=16640]
  0x00000217b608f520 ConcurrentGCThread "G1 Conc#0" [stack: 0x00000096c9500000,0x00000096c9600000] [id=20488]
  0x00000217d6d32e50 ConcurrentGCThread "G1 Conc#1" [stack: 0x00000096cc000000,0x00000096cc100000] [id=31608]
  0x00000217d40800a0 ConcurrentGCThread "G1 Refine#0" [stack: 0x00000096c9600000,0x00000096c9700000] [id=13368]
  0x00000217d7327190 ConcurrentGCThread "G1 Refine#1" [stack: 0x00000096cc900000,0x00000096cca00000] [id=2784]
  0x00000217d636be40 ConcurrentGCThread "G1 Refine#2" [stack: 0x00000096d0f00000,0x00000096d1000000] [id=16320]
  0x00000217d561ba10 ConcurrentGCThread "G1 Refine#3" [stack: 0x00000096d1000000,0x00000096d1100000] [id=6672]
  0x00000217df1e0390 ConcurrentGCThread "G1 Refine#4" [stack: 0x00000096d1100000,0x00000096d1200000] [id=19992]
  0x00000217d935c470 ConcurrentGCThread "G1 Refine#5" [stack: 0x00000096d1200000,0x00000096d1300000] [id=5356]
  0x00000217d98a69f0 ConcurrentGCThread "G1 Refine#6" [stack: 0x00000096d1300000,0x00000096d1400000] [id=21184]
  0x00000217b3d963a0 ConcurrentGCThread "G1 Refine#7" [stack: 0x00000096d1400000,0x00000096d1500000] [id=25536]
  0x00000217d40809d0 ConcurrentGCThread "G1 Service" [stack: 0x00000096c9700000,0x00000096c9800000] [id=2616]

Threads with active compile tasks:
C2 CompilerThread0   208125 17357       4       javax.management.ObjectName::construct (1135 bytes)

VM state: not at safepoint (normal execution)

VM Mutex/Monitor currently owned by a thread: None

Heap address: 0x0000000080000000, size: 2048 MB, Compressed Oops mode: 32-bit

CDS archive(s) mapped at: [0x0000000800000000-0x0000000800bc0000-0x0000000800bc0000), size 12320768, SharedBaseAddress: 0x0000000800000000, ArchiveRelocationMode: 0.
Compressed class space mapped at: 0x0000000800c00000-0x000000081a800000, reserved size: 432013312
Narrow klass base: 0x0000000800000000, Narrow klass shift: 0, Narrow klass range: 0x100000000

GC Precious Log:
 CPUs: 8 total, 8 available
 Memory: 8013M
 Large Page Support: Disabled
 NUMA Support: Disabled
 Compressed Oops: Enabled (32-bit)
 Heap Region Size: 1M
 Heap Min Capacity: 8M
 Heap Initial Capacity: 126M
 Heap Max Capacity: 2G
 Pre-touch: Disabled
 Parallel Workers: 8
 Concurrent Workers: 2
 Concurrent Refinement Workers: 8
 Periodic GC: Disabled

Heap:
 garbage-first heap   total 239616K, used 113202K [0x0000000080000000, 0x0000000100000000)
  region size 1024K, 11 young (11264K), 8 survivors (8192K)
 Metaspace       used 119295K, committed 120064K, reserved 528384K
  class space    used 15427K, committed 15808K, reserved 421888K

Heap Regions: E=young(eden), S=young(survivor), O=old, HS=humongous(starts), HC=humongous(continues), CS=collection set, F=free, OA=open archive, CA=closed archive, TAMS=top-at-mark-start (previous, next)
|   0|0x0000000080000000, 0x0000000080100000, 0x0000000080100000|100%| O|  |TAMS 0x0000000080100000, 0x0000000080000000| Untracked 
|   1|0x0000000080100000, 0x0000000080200000, 0x0000000080200000|100%| O|  |TAMS 0x0000000080200000, 0x0000000080100000| Untracked 
|   2|0x0000000080200000, 0x0000000080300000, 0x0000000080300000|100%| O|  |TAMS 0x0000000080300000, 0x0000000080200000| Untracked 
|   3|0x0000000080300000, 0x0000000080400000, 0x0000000080400000|100%|HS|  |TAMS 0x0000000080400000, 0x0000000080300000| Complete 
|   4|0x0000000080400000, 0x0000000080500000, 0x0000000080500000|100%|HC|  |TAMS 0x0000000080500000, 0x0000000080400000| Complete 
|   5|0x0000000080500000, 0x0000000080600000, 0x0000000080600000|100%|HC|  |TAMS 0x0000000080600000, 0x0000000080500000| Complete 
|   6|0x0000000080600000, 0x0000000080700000, 0x0000000080700000|100%| O|  |TAMS 0x0000000080700000, 0x0000000080600000| Untracked 
|   7|0x0000000080700000, 0x0000000080800000, 0x0000000080800000|100%| O|  |TAMS 0x0000000080800000, 0x0000000080700000| Untracked 
|   8|0x0000000080800000, 0x0000000080900000, 0x0000000080900000|100%| O|  |TAMS 0x0000000080900000, 0x0000000080800000| Untracked 
|   9|0x0000000080900000, 0x0000000080a00000, 0x0000000080a00000|100%| O|  |TAMS 0x0000000080a00000, 0x0000000080900000| Untracked 
|  10|0x0000000080a00000, 0x0000000080b00000, 0x0000000080b00000|100%| O|  |TAMS 0x0000000080b00000, 0x0000000080a00000| Untracked 
|  11|0x0000000080b00000, 0x0000000080c00000, 0x0000000080c00000|100%| O|  |TAMS 0x0000000080c00000, 0x0000000080b00000| Untracked 
|  12|0x0000000080c00000, 0x0000000080d00000, 0x0000000080d00000|100%| O|  |TAMS 0x0000000080d00000, 0x0000000080c00000| Untracked 
|  13|0x0000000080d00000, 0x0000000080e00000, 0x0000000080e00000|100%| O|  |TAMS 0x0000000080e00000, 0x0000000080d00000| Untracked 
|  14|0x0000000080e00000, 0x0000000080f00000, 0x0000000080f00000|100%| O|  |TAMS 0x0000000080f00000, 0x0000000080e00000| Untracked 
|  15|0x0000000080f00000, 0x0000000081000000, 0x0000000081000000|100%| O|  |TAMS 0x0000000081000000, 0x0000000080f00000| Untracked 
|  16|0x0000000081000000, 0x0000000081100000, 0x0000000081100000|100%| O|  |TAMS 0x0000000081100000, 0x0000000081000000| Untracked 
|  17|0x0000000081100000, 0x0000000081200000, 0x0000000081200000|100%| O|  |TAMS 0x0000000081200000, 0x0000000081100000| Untracked 
|  18|0x0000000081200000, 0x0000000081300000, 0x0000000081300000|100%| O|  |TAMS 0x0000000081300000, 0x0000000081200000| Untracked 
|  19|0x0000000081300000, 0x000000008130b200, 0x0000000081400000|  4%| O|  |TAMS 0x000000008130b200, 0x0000000081300000| Untracked 
|  20|0x0000000081400000, 0x0000000081500000, 0x0000000081500000|100%| O|  |TAMS 0x0000000081500000, 0x0000000081400000| Untracked 
|  21|0x0000000081500000, 0x0000000081600000, 0x0000000081600000|100%| O|  |TAMS 0x0000000081600000, 0x0000000081500000| Untracked 
|  22|0x0000000081600000, 0x0000000081700000, 0x0000000081700000|100%| O|  |TAMS 0x0000000081700000, 0x0000000081600000| Untracked 
|  23|0x0000000081700000, 0x0000000081800000, 0x0000000081800000|100%| O|  |TAMS 0x0000000081800000, 0x0000000081700000| Untracked 
|  24|0x0000000081800000, 0x0000000081900000, 0x0000000081900000|100%| O|  |TAMS 0x0000000081900000, 0x0000000081800000| Untracked 
|  25|0x0000000081900000, 0x0000000081a00000, 0x0000000081a00000|100%| O|  |TAMS 0x0000000081a00000, 0x0000000081900000| Untracked 
|  26|0x0000000081a00000, 0x0000000081b00000, 0x0000000081b00000|100%| O|  |TAMS 0x0000000081b00000, 0x0000000081a00000| Untracked 
|  27|0x0000000081b00000, 0x0000000081c00000, 0x0000000081c00000|100%| O|  |TAMS 0x0000000081c00000, 0x0000000081b00000| Untracked 
|  28|0x0000000081c00000, 0x0000000081d00000, 0x0000000081d00000|100%| O|  |TAMS 0x0000000081d00000, 0x0000000081c00000| Untracked 
|  29|0x0000000081d00000, 0x0000000081e00000, 0x0000000081e00000|100%| O|  |TAMS 0x0000000081e00000, 0x0000000081d00000| Untracked 
|  30|0x0000000081e00000, 0x0000000081f00000, 0x0000000081f00000|100%| O|  |TAMS 0x0000000081f00000, 0x0000000081e00000| Untracked 
|  31|0x0000000081f00000, 0x0000000082000000, 0x0000000082000000|100%| O|  |TAMS 0x0000000082000000, 0x0000000081f00000| Untracked 
|  32|0x0000000082000000, 0x0000000082100000, 0x0000000082100000|100%| O|  |TAMS 0x0000000082100000, 0x0000000082000000| Untracked 
|  33|0x0000000082100000, 0x0000000082200000, 0x0000000082200000|100%| O|  |TAMS 0x0000000082200000, 0x0000000082100000| Untracked 
|  34|0x0000000082200000, 0x0000000082300000, 0x0000000082300000|100%| O|  |TAMS 0x0000000082300000, 0x0000000082200000| Untracked 
|  35|0x0000000082300000, 0x0000000082400000, 0x0000000082400000|100%| O|  |TAMS 0x0000000082400000, 0x0000000082300000| Untracked 
|  36|0x0000000082400000, 0x0000000082500000, 0x0000000082500000|100%| O|  |TAMS 0x0000000082500000, 0x0000000082400000| Untracked 
|  37|0x0000000082500000, 0x0000000082600000, 0x0000000082600000|100%| O|  |TAMS 0x0000000082600000, 0x0000000082500000| Untracked 
|  38|0x0000000082600000, 0x0000000082700000, 0x0000000082700000|100%| O|  |TAMS 0x0000000082700000, 0x0000000082600000| Untracked 
|  39|0x0000000082700000, 0x0000000082800000, 0x0000000082800000|100%| O|  |TAMS 0x0000000082800000, 0x0000000082700000| Untracked 
|  40|0x0000000082800000, 0x0000000082900000, 0x0000000082900000|100%| O|  |TAMS 0x0000000082900000, 0x0000000082800000| Untracked 
|  41|0x0000000082900000, 0x0000000082a00000, 0x0000000082a00000|100%| O|  |TAMS 0x0000000082a00000, 0x0000000082900000| Untracked 
|  42|0x0000000082a00000, 0x0000000082b00000, 0x0000000082b00000|100%| O|  |TAMS 0x0000000082b00000, 0x0000000082a00000| Untracked 
|  43|0x0000000082b00000, 0x0000000082c00000, 0x0000000082c00000|100%| O|  |TAMS 0x0000000082b00000, 0x0000000082b00000| Untracked 
|  44|0x0000000082c00000, 0x0000000082d00000, 0x0000000082d00000|100%| O|  |TAMS 0x0000000082d00000, 0x0000000082c00000| Untracked 
|  45|0x0000000082d00000, 0x0000000082e00000, 0x0000000082e00000|100%|HS|  |TAMS 0x0000000082e00000, 0x0000000082d00000| Complete 
|  46|0x0000000082e00000, 0x0000000082f00000, 0x0000000082f00000|100%| O|  |TAMS 0x0000000082f00000, 0x0000000082e00000| Untracked 
|  47|0x0000000082f00000, 0x0000000083000000, 0x0000000083000000|100%| O|  |TAMS 0x0000000083000000, 0x0000000082f00000| Untracked 
|  48|0x0000000083000000, 0x0000000083100000, 0x0000000083100000|100%| O|  |TAMS 0x0000000083100000, 0x0000000083000000| Untracked 
|  49|0x0000000083100000, 0x0000000083200000, 0x0000000083200000|100%| O|  |TAMS 0x0000000083200000, 0x0000000083100000| Untracked 
|  50|0x0000000083200000, 0x0000000083300000, 0x0000000083300000|100%| O|  |TAMS 0x0000000083300000, 0x0000000083200000| Untracked 
|  51|0x0000000083300000, 0x0000000083400000, 0x0000000083400000|100%| O|  |TAMS 0x0000000083400000, 0x0000000083300000| Untracked 
|  52|0x0000000083400000, 0x0000000083500000, 0x0000000083500000|100%| O|  |TAMS 0x0000000083500000, 0x0000000083400000| Untracked 
|  53|0x0000000083500000, 0x0000000083600000, 0x0000000083600000|100%| O|  |TAMS 0x0000000083500000, 0x0000000083500000| Untracked 
|  54|0x0000000083600000, 0x0000000083700000, 0x0000000083700000|100%|HS|  |TAMS 0x0000000083700000, 0x0000000083600000| Complete 
|  55|0x0000000083700000, 0x0000000083800000, 0x0000000083800000|100%|HC|  |TAMS 0x0000000083800000, 0x0000000083700000| Complete 
|  56|0x0000000083800000, 0x0000000083900000, 0x0000000083900000|100%|HC|  |TAMS 0x0000000083900000, 0x0000000083800000| Complete 
|  57|0x0000000083900000, 0x0000000083a00000, 0x0000000083a00000|100%|HS|  |TAMS 0x0000000083a00000, 0x0000000083900000| Complete 
|  58|0x0000000083a00000, 0x0000000083b00000, 0x0000000083b00000|100%|HC|  |TAMS 0x0000000083b00000, 0x0000000083a00000| Complete 
|  59|0x0000000083b00000, 0x0000000083c00000, 0x0000000083c00000|100%|HC|  |TAMS 0x0000000083c00000, 0x0000000083b00000| Complete 
|  60|0x0000000083c00000, 0x0000000083d00000, 0x0000000083d00000|100%| O|  |TAMS 0x0000000083c00000, 0x0000000083c00000| Untracked 
|  61|0x0000000083d00000, 0x0000000083e00000, 0x0000000083e00000|100%| O|  |TAMS 0x0000000083d00000, 0x0000000083d00000| Untracked 
|  62|0x0000000083e00000, 0x0000000083f00000, 0x0000000083f00000|100%| O|  |TAMS 0x0000000083f00000, 0x0000000083e00000| Untracked 
|  63|0x0000000083f00000, 0x0000000084000000, 0x0000000084000000|100%| O|  |TAMS 0x0000000084000000, 0x0000000083f00000| Untracked 
|  64|0x0000000084000000, 0x0000000084100000, 0x0000000084100000|100%| O|  |TAMS 0x0000000084100000, 0x0000000084000000| Untracked 
|  65|0x0000000084100000, 0x0000000084200000, 0x0000000084200000|100%| O|  |TAMS 0x0000000084200000, 0x0000000084100000| Untracked 
|  66|0x0000000084200000, 0x0000000084200000, 0x0000000084300000|  0%| F|  |TAMS 0x0000000084200000, 0x0000000084200000| Untracked 
|  67|0x0000000084300000, 0x0000000084300000, 0x0000000084400000|  0%| F|  |TAMS 0x0000000084300000, 0x0000000084300000| Untracked 
|  68|0x0000000084400000, 0x0000000084400000, 0x0000000084500000|  0%| F|  |TAMS 0x0000000084400000, 0x0000000084400000| Untracked 
|  69|0x0000000084500000, 0x0000000084500000, 0x0000000084600000|  0%| F|  |TAMS 0x0000000084500000, 0x0000000084500000| Untracked 
|  70|0x0000000084600000, 0x0000000084600000, 0x0000000084700000|  0%| F|  |TAMS 0x0000000084600000, 0x0000000084600000| Untracked 
|  71|0x0000000084700000, 0x0000000084800000, 0x0000000084800000|100%| O|  |TAMS 0x0000000084700000, 0x0000000084700000| Untracked 
|  72|0x0000000084800000, 0x0000000084900000, 0x0000000084900000|100%| O|  |TAMS 0x0000000084800000, 0x0000000084800000| Untracked 
|  73|0x0000000084900000, 0x0000000084a00000, 0x0000000084a00000|100%| O|  |TAMS 0x0000000084900000, 0x0000000084900000| Untracked 
|  74|0x0000000084a00000, 0x0000000084b00000, 0x0000000084b00000|100%| O|  |TAMS 0x0000000084a00000, 0x0000000084a00000| Untracked 
|  75|0x0000000084b00000, 0x0000000084c00000, 0x0000000084c00000|100%| O|  |TAMS 0x0000000084b00000, 0x0000000084b00000| Untracked 
|  76|0x0000000084c00000, 0x0000000084d00000, 0x0000000084d00000|100%| O|  |TAMS 0x0000000084c00000, 0x0000000084c00000| Untracked 
|  77|0x0000000084d00000, 0x0000000084e00000, 0x0000000084e00000|100%| O|  |TAMS 0x0000000084d00000, 0x0000000084d00000| Untracked 
|  78|0x0000000084e00000, 0x0000000084f00000, 0x0000000084f00000|100%| O|  |TAMS 0x0000000084e00000, 0x0000000084e00000| Untracked 
|  79|0x0000000084f00000, 0x0000000085000000, 0x0000000085000000|100%| O|  |TAMS 0x0000000084f00000, 0x0000000084f00000| Untracked 
|  80|0x0000000085000000, 0x0000000085100000, 0x0000000085100000|100%| O|  |TAMS 0x0000000085000000, 0x0000000085000000| Untracked 
|  81|0x0000000085100000, 0x0000000085200000, 0x0000000085200000|100%| O|  |TAMS 0x0000000085100000, 0x0000000085100000| Untracked 
|  82|0x0000000085200000, 0x0000000085300000, 0x0000000085300000|100%| O|  |TAMS 0x0000000085200000, 0x0000000085200000| Untracked 
|  83|0x0000000085300000, 0x0000000085400000, 0x0000000085400000|100%| O|  |TAMS 0x0000000085300000, 0x0000000085300000| Untracked 
|  84|0x0000000085400000, 0x0000000085500000, 0x0000000085500000|100%| O|  |TAMS 0x0000000085400000, 0x0000000085400000| Untracked 
|  85|0x0000000085500000, 0x0000000085600000, 0x0000000085600000|100%| O|  |TAMS 0x0000000085500000, 0x0000000085500000| Untracked 
|  86|0x0000000085600000, 0x0000000085700000, 0x0000000085700000|100%| O|  |TAMS 0x0000000085600000, 0x0000000085600000| Untracked 
|  87|0x0000000085700000, 0x0000000085800000, 0x0000000085800000|100%| O|  |TAMS 0x0000000085700000, 0x0000000085700000| Untracked 
|  88|0x0000000085800000, 0x0000000085900000, 0x0000000085900000|100%| O|  |TAMS 0x0000000085800000, 0x0000000085800000| Untracked 
|  89|0x0000000085900000, 0x0000000085a00000, 0x0000000085a00000|100%| O|  |TAMS 0x0000000085900000, 0x0000000085900000| Untracked 
|  90|0x0000000085a00000, 0x0000000085b00000, 0x0000000085b00000|100%| O|  |TAMS 0x0000000085a00000, 0x0000000085a00000| Untracked 
|  91|0x0000000085b00000, 0x0000000085c00000, 0x0000000085c00000|100%| O|  |TAMS 0x0000000085b00000, 0x0000000085b00000| Untracked 
|  92|0x0000000085c00000, 0x0000000085d00000, 0x0000000085d00000|100%| O|  |TAMS 0x0000000085c00000, 0x0000000085c00000| Untracked 
|  93|0x0000000085d00000, 0x0000000085e00000, 0x0000000085e00000|100%| O|  |TAMS 0x0000000085d00000, 0x0000000085d00000| Untracked 
|  94|0x0000000085e00000, 0x0000000085f00000, 0x0000000085f00000|100%| O|  |TAMS 0x0000000085e00000, 0x0000000085e00000| Untracked 
|  95|0x0000000085f00000, 0x0000000086000000, 0x0000000086000000|100%| O|  |TAMS 0x0000000085f00000, 0x0000000085f00000| Untracked 
|  96|0x0000000086000000, 0x0000000086100000, 0x0000000086100000|100%| O|  |TAMS 0x0000000086000000, 0x0000000086000000| Untracked 
|  97|0x0000000086100000, 0x0000000086200000, 0x0000000086200000|100%| O|  |TAMS 0x0000000086100000, 0x0000000086100000| Untracked 
|  98|0x0000000086200000, 0x0000000086300000, 0x0000000086300000|100%| O|  |TAMS 0x0000000086200000, 0x0000000086200000| Untracked 
|  99|0x0000000086300000, 0x0000000086400000, 0x0000000086400000|100%| O|  |TAMS 0x0000000086300000, 0x0000000086300000| Untracked 
| 100|0x0000000086400000, 0x00000000864cd000, 0x0000000086500000| 80%| O|  |TAMS 0x0000000086400000, 0x0000000086400000| Untracked 
| 101|0x0000000086500000, 0x0000000086500000, 0x0000000086600000|  0%| F|  |TAMS 0x0000000086500000, 0x0000000086500000| Untracked 
| 102|0x0000000086600000, 0x0000000086600000, 0x0000000086700000|  0%| F|  |TAMS 0x0000000086600000, 0x0000000086600000| Untracked 
| 103|0x0000000086700000, 0x0000000086700000, 0x0000000086800000|  0%| F|  |TAMS 0x0000000086700000, 0x0000000086700000| Untracked 
| 104|0x0000000086800000, 0x0000000086800000, 0x0000000086900000|  0%| F|  |TAMS 0x0000000086800000, 0x0000000086800000| Untracked 
| 105|0x0000000086900000, 0x0000000086900000, 0x0000000086a00000|  0%| F|  |TAMS 0x0000000086900000, 0x0000000086900000| Untracked 
| 106|0x0000000086a00000, 0x0000000086a00000, 0x0000000086b00000|  0%| F|  |TAMS 0x0000000086a00000, 0x0000000086a00000| Untracked 
| 107|0x0000000086b00000, 0x0000000086b00000, 0x0000000086c00000|  0%| F|  |TAMS 0x0000000086b00000, 0x0000000086b00000| Untracked 
| 108|0x0000000086c00000, 0x0000000086c00000, 0x0000000086d00000|  0%| F|  |TAMS 0x0000000086c00000, 0x0000000086c00000| Untracked 
| 109|0x0000000086d00000, 0x0000000086d00000, 0x0000000086e00000|  0%| F|  |TAMS 0x0000000086d00000, 0x0000000086d00000| Untracked 
| 110|0x0000000086e00000, 0x0000000086e00000, 0x0000000086f00000|  0%| F|  |TAMS 0x0000000086e00000, 0x0000000086e00000| Untracked 
| 111|0x0000000086f00000, 0x0000000086f00000, 0x0000000087000000|  0%| F|  |TAMS 0x0000000086f00000, 0x0000000086f00000| Untracked 
| 112|0x0000000087000000, 0x0000000087000000, 0x0000000087100000|  0%| F|  |TAMS 0x0000000087000000, 0x0000000087000000| Untracked 
| 113|0x0000000087100000, 0x0000000087100000, 0x0000000087200000|  0%| F|  |TAMS 0x0000000087100000, 0x0000000087100000| Untracked 
| 114|0x0000000087200000, 0x0000000087200000, 0x0000000087300000|  0%| F|  |TAMS 0x0000000087200000, 0x0000000087200000| Untracked 
| 115|0x0000000087300000, 0x0000000087300000, 0x0000000087400000|  0%| F|  |TAMS 0x0000000087300000, 0x0000000087300000| Untracked 
| 116|0x0000000087400000, 0x0000000087400000, 0x0000000087500000|  0%| F|  |TAMS 0x0000000087400000, 0x0000000087400000| Untracked 
| 117|0x0000000087500000, 0x0000000087500000, 0x0000000087600000|  0%| F|  |TAMS 0x0000000087500000, 0x0000000087500000| Untracked 
| 118|0x0000000087600000, 0x0000000087600000, 0x0000000087700000|  0%| F|  |TAMS 0x0000000087600000, 0x0000000087600000| Untracked 
| 119|0x0000000087700000, 0x0000000087700000, 0x0000000087800000|  0%| F|  |TAMS 0x0000000087700000, 0x0000000087700000| Untracked 
| 120|0x0000000087800000, 0x0000000087800000, 0x0000000087900000|  0%| F|  |TAMS 0x0000000087800000, 0x0000000087800000| Untracked 
| 121|0x0000000087900000, 0x0000000087900000, 0x0000000087a00000|  0%| F|  |TAMS 0x0000000087900000, 0x0000000087900000| Untracked 
| 122|0x0000000087a00000, 0x0000000087a00000, 0x0000000087b00000|  0%| F|  |TAMS 0x0000000087a00000, 0x0000000087a00000| Untracked 
| 123|0x0000000087b00000, 0x0000000087b00000, 0x0000000087c00000|  0%| F|  |TAMS 0x0000000087b00000, 0x0000000087b00000| Untracked 
| 124|0x0000000087c00000, 0x0000000087c00000, 0x0000000087d00000|  0%| F|  |TAMS 0x0000000087c00000, 0x0000000087c00000| Untracked 
| 125|0x0000000087d00000, 0x0000000087d00000, 0x0000000087e00000|  0%| F|  |TAMS 0x0000000087d00000, 0x0000000087d00000| Untracked 
| 126|0x0000000087e00000, 0x0000000087e00000, 0x0000000087f00000|  0%| F|  |TAMS 0x0000000087e00000, 0x0000000087e00000| Untracked 
| 127|0x0000000087f00000, 0x0000000087f00000, 0x0000000088000000|  0%| F|  |TAMS 0x0000000087f00000, 0x0000000087f00000| Untracked 
| 128|0x0000000088000000, 0x0000000088000000, 0x0000000088100000|  0%| F|  |TAMS 0x0000000088000000, 0x0000000088000000| Untracked 
| 129|0x0000000088100000, 0x0000000088100000, 0x0000000088200000|  0%| F|  |TAMS 0x0000000088100000, 0x0000000088100000| Untracked 
| 130|0x0000000088200000, 0x0000000088200000, 0x0000000088300000|  0%| F|  |TAMS 0x0000000088200000, 0x0000000088200000| Untracked 
| 131|0x0000000088300000, 0x00000000883b4640, 0x0000000088400000| 70%| S|CS|TAMS 0x0000000088300000, 0x0000000088300000| Complete 
| 132|0x0000000088400000, 0x0000000088500000, 0x0000000088500000|100%| S|CS|TAMS 0x0000000088400000, 0x0000000088400000| Complete 
| 133|0x0000000088500000, 0x0000000088600000, 0x0000000088600000|100%| S|CS|TAMS 0x0000000088500000, 0x0000000088500000| Complete 
| 134|0x0000000088600000, 0x0000000088700000, 0x0000000088700000|100%| S|CS|TAMS 0x0000000088600000, 0x0000000088600000| Complete 
| 135|0x0000000088700000, 0x0000000088800000, 0x0000000088800000|100%| S|CS|TAMS 0x0000000088700000, 0x0000000088700000| Complete 
| 136|0x0000000088800000, 0x0000000088900000, 0x0000000088900000|100%| S|CS|TAMS 0x0000000088800000, 0x0000000088800000| Complete 
| 137|0x0000000088900000, 0x0000000088a00000, 0x0000000088a00000|100%| S|CS|TAMS 0x0000000088900000, 0x0000000088900000| Complete 
| 138|0x0000000088a00000, 0x0000000088a00000, 0x0000000088b00000|  0%| F|  |TAMS 0x0000000088a00000, 0x0000000088a00000| Untracked 
| 139|0x0000000088b00000, 0x0000000088b00000, 0x0000000088c00000|  0%| F|  |TAMS 0x0000000088b00000, 0x0000000088b00000| Untracked 
| 140|0x0000000088c00000, 0x0000000088c00000, 0x0000000088d00000|  0%| F|  |TAMS 0x0000000088c00000, 0x0000000088c00000| Untracked 
| 141|0x0000000088d00000, 0x0000000088d00000, 0x0000000088e00000|  0%| F|  |TAMS 0x0000000088d00000, 0x0000000088d00000| Untracked 
| 142|0x0000000088e00000, 0x0000000088e00000, 0x0000000088f00000|  0%| F|  |TAMS 0x0000000088e00000, 0x0000000088e00000| Untracked 
| 143|0x0000000088f00000, 0x0000000088f00000, 0x0000000089000000|  0%| F|  |TAMS 0x0000000088f00000, 0x0000000088f00000| Untracked 
| 144|0x0000000089000000, 0x0000000089000000, 0x0000000089100000|  0%| F|  |TAMS 0x0000000089000000, 0x0000000089000000| Untracked 
| 145|0x0000000089100000, 0x0000000089200000, 0x0000000089200000|100%| S|CS|TAMS 0x0000000089100000, 0x0000000089100000| Complete 
| 146|0x0000000089200000, 0x0000000089200000, 0x0000000089300000|  0%| F|  |TAMS 0x0000000089200000, 0x0000000089200000| Untracked 
| 147|0x0000000089300000, 0x0000000089300000, 0x0000000089400000|  0%| F|  |TAMS 0x0000000089300000, 0x0000000089300000| Untracked 
| 148|0x0000000089400000, 0x0000000089400000, 0x0000000089500000|  0%| F|  |TAMS 0x0000000089400000, 0x0000000089400000| Untracked 
| 149|0x0000000089500000, 0x0000000089500000, 0x0000000089600000|  0%| F|  |TAMS 0x0000000089500000, 0x0000000089500000| Untracked 
| 150|0x0000000089600000, 0x0000000089600000, 0x0000000089700000|  0%| F|  |TAMS 0x0000000089600000, 0x0000000089600000| Untracked 
| 151|0x0000000089700000, 0x0000000089700000, 0x0000000089800000|  0%| F|  |TAMS 0x0000000089700000, 0x0000000089700000| Untracked 
| 152|0x0000000089800000, 0x0000000089800000, 0x0000000089900000|  0%| F|  |TAMS 0x0000000089800000, 0x0000000089800000| Untracked 
| 153|0x0000000089900000, 0x0000000089900000, 0x0000000089a00000|  0%| F|  |TAMS 0x0000000089900000, 0x0000000089900000| Untracked 
| 154|0x0000000089a00000, 0x0000000089a00000, 0x0000000089b00000|  0%| F|  |TAMS 0x0000000089a00000, 0x0000000089a00000| Untracked 
| 155|0x0000000089b00000, 0x0000000089b00000, 0x0000000089c00000|  0%| F|  |TAMS 0x0000000089b00000, 0x0000000089b00000| Untracked 
| 156|0x0000000089c00000, 0x0000000089c00000, 0x0000000089d00000|  0%| F|  |TAMS 0x0000000089c00000, 0x0000000089c00000| Untracked 
| 157|0x0000000089d00000, 0x0000000089d00000, 0x0000000089e00000|  0%| F|  |TAMS 0x0000000089d00000, 0x0000000089d00000| Untracked 
| 158|0x0000000089e00000, 0x0000000089e00000, 0x0000000089f00000|  0%| F|  |TAMS 0x0000000089e00000, 0x0000000089e00000| Untracked 
| 159|0x0000000089f00000, 0x0000000089f00000, 0x000000008a000000|  0%| F|  |TAMS 0x0000000089f00000, 0x0000000089f00000| Untracked 
| 160|0x000000008a000000, 0x000000008a000000, 0x000000008a100000|  0%| F|  |TAMS 0x000000008a000000, 0x000000008a000000| Untracked 
| 161|0x000000008a100000, 0x000000008a100000, 0x000000008a200000|  0%| F|  |TAMS 0x000000008a100000, 0x000000008a100000| Untracked 
| 162|0x000000008a200000, 0x000000008a200000, 0x000000008a300000|  0%| F|  |TAMS 0x000000008a200000, 0x000000008a200000| Untracked 
| 163|0x000000008a300000, 0x000000008a300000, 0x000000008a400000|  0%| F|  |TAMS 0x000000008a300000, 0x000000008a300000| Untracked 
| 164|0x000000008a400000, 0x000000008a400000, 0x000000008a500000|  0%| F|  |TAMS 0x000000008a400000, 0x000000008a400000| Untracked 
| 165|0x000000008a500000, 0x000000008a500000, 0x000000008a600000|  0%| F|  |TAMS 0x000000008a500000, 0x000000008a500000| Untracked 
| 166|0x000000008a600000, 0x000000008a600000, 0x000000008a700000|  0%| F|  |TAMS 0x000000008a600000, 0x000000008a600000| Untracked 
| 167|0x000000008a700000, 0x000000008a700000, 0x000000008a800000|  0%| F|  |TAMS 0x000000008a700000, 0x000000008a700000| Untracked 
| 168|0x000000008a800000, 0x000000008a800000, 0x000000008a900000|  0%| F|  |TAMS 0x000000008a800000, 0x000000008a800000| Untracked 
| 169|0x000000008a900000, 0x000000008a900000, 0x000000008aa00000|  0%| F|  |TAMS 0x000000008a900000, 0x000000008a900000| Untracked 
| 170|0x000000008aa00000, 0x000000008aa00000, 0x000000008ab00000|  0%| F|  |TAMS 0x000000008aa00000, 0x000000008aa00000| Untracked 
| 171|0x000000008ab00000, 0x000000008ab00000, 0x000000008ac00000|  0%| F|  |TAMS 0x000000008ab00000, 0x000000008ab00000| Untracked 
| 172|0x000000008ac00000, 0x000000008ac00000, 0x000000008ad00000|  0%| F|  |TAMS 0x000000008ac00000, 0x000000008ac00000| Untracked 
| 173|0x000000008ad00000, 0x000000008ad00000, 0x000000008ae00000|  0%| F|  |TAMS 0x000000008ad00000, 0x000000008ad00000| Untracked 
| 174|0x000000008ae00000, 0x000000008ae00000, 0x000000008af00000|  0%| F|  |TAMS 0x000000008ae00000, 0x000000008ae00000| Untracked 
| 175|0x000000008af00000, 0x000000008af00000, 0x000000008b000000|  0%| F|  |TAMS 0x000000008af00000, 0x000000008af00000| Untracked 
| 176|0x000000008b000000, 0x000000008b000000, 0x000000008b100000|  0%| F|  |TAMS 0x000000008b000000, 0x000000008b000000| Untracked 
| 177|0x000000008b100000, 0x000000008b100000, 0x000000008b200000|  0%| F|  |TAMS 0x000000008b100000, 0x000000008b100000| Untracked 
| 178|0x000000008b200000, 0x000000008b200000, 0x000000008b300000|  0%| F|  |TAMS 0x000000008b200000, 0x000000008b200000| Untracked 
| 179|0x000000008b300000, 0x000000008b300000, 0x000000008b400000|  0%| F|  |TAMS 0x000000008b300000, 0x000000008b300000| Untracked 
| 180|0x000000008b400000, 0x000000008b400000, 0x000000008b500000|  0%| F|  |TAMS 0x000000008b400000, 0x000000008b400000| Untracked 
| 181|0x000000008b500000, 0x000000008b500000, 0x000000008b600000|  0%| F|  |TAMS 0x000000008b500000, 0x000000008b500000| Untracked 
| 182|0x000000008b600000, 0x000000008b600000, 0x000000008b700000|  0%| F|  |TAMS 0x000000008b600000, 0x000000008b600000| Untracked 
| 183|0x000000008b700000, 0x000000008b700000, 0x000000008b800000|  0%| F|  |TAMS 0x000000008b700000, 0x000000008b700000| Untracked 
| 184|0x000000008b800000, 0x000000008b800000, 0x000000008b900000|  0%| F|  |TAMS 0x000000008b800000, 0x000000008b800000| Untracked 
| 185|0x000000008b900000, 0x000000008b900000, 0x000000008ba00000|  0%| F|  |TAMS 0x000000008b900000, 0x000000008b900000| Untracked 
| 186|0x000000008ba00000, 0x000000008ba00000, 0x000000008bb00000|  0%| F|  |TAMS 0x000000008ba00000, 0x000000008ba00000| Untracked 
| 187|0x000000008bb00000, 0x000000008bb00000, 0x000000008bc00000|  0%| F|  |TAMS 0x000000008bb00000, 0x000000008bb00000| Untracked 
| 188|0x000000008bc00000, 0x000000008bc00000, 0x000000008bd00000|  0%| F|  |TAMS 0x000000008bc00000, 0x000000008bc00000| Untracked 
| 189|0x000000008bd00000, 0x000000008bd00000, 0x000000008be00000|  0%| F|  |TAMS 0x000000008bd00000, 0x000000008bd00000| Untracked 
| 190|0x000000008be00000, 0x000000008be00000, 0x000000008bf00000|  0%| F|  |TAMS 0x000000008be00000, 0x000000008be00000| Untracked 
| 191|0x000000008bf00000, 0x000000008bf00000, 0x000000008c000000|  0%| F|  |TAMS 0x000000008bf00000, 0x000000008bf00000| Untracked 
| 192|0x000000008c000000, 0x000000008c000000, 0x000000008c100000|  0%| F|  |TAMS 0x000000008c000000, 0x000000008c000000| Untracked 
| 193|0x000000008c100000, 0x000000008c100000, 0x000000008c200000|  0%| F|  |TAMS 0x000000008c100000, 0x000000008c100000| Untracked 
| 194|0x000000008c200000, 0x000000008c200000, 0x000000008c300000|  0%| F|  |TAMS 0x000000008c200000, 0x000000008c200000| Untracked 
| 195|0x000000008c300000, 0x000000008c300000, 0x000000008c400000|  0%| F|  |TAMS 0x000000008c300000, 0x000000008c300000| Untracked 
| 196|0x000000008c400000, 0x000000008c400000, 0x000000008c500000|  0%| F|  |TAMS 0x000000008c400000, 0x000000008c400000| Untracked 
| 197|0x000000008c500000, 0x000000008c500000, 0x000000008c600000|  0%| F|  |TAMS 0x000000008c500000, 0x000000008c500000| Untracked 
| 198|0x000000008c600000, 0x000000008c600000, 0x000000008c700000|  0%| F|  |TAMS 0x000000008c600000, 0x000000008c600000| Untracked 
| 199|0x000000008c700000, 0x000000008c700000, 0x000000008c800000|  0%| F|  |TAMS 0x000000008c700000, 0x000000008c700000| Untracked 
| 200|0x000000008c800000, 0x000000008c800000, 0x000000008c900000|  0%| F|  |TAMS 0x000000008c800000, 0x000000008c800000| Untracked 
| 201|0x000000008c900000, 0x000000008c900000, 0x000000008ca00000|  0%| F|  |TAMS 0x000000008c900000, 0x000000008c900000| Untracked 
| 202|0x000000008ca00000, 0x000000008ca00000, 0x000000008cb00000|  0%| F|  |TAMS 0x000000008ca00000, 0x000000008ca00000| Untracked 
| 203|0x000000008cb00000, 0x000000008cb00000, 0x000000008cc00000|  0%| F|  |TAMS 0x000000008cb00000, 0x000000008cb00000| Untracked 
| 204|0x000000008cc00000, 0x000000008cc00000, 0x000000008cd00000|  0%| F|  |TAMS 0x000000008cc00000, 0x000000008cc00000| Untracked 
| 205|0x000000008cd00000, 0x000000008cd00000, 0x000000008ce00000|  0%| F|  |TAMS 0x000000008cd00000, 0x000000008cd00000| Untracked 
| 206|0x000000008ce00000, 0x000000008ce00000, 0x000000008cf00000|  0%| F|  |TAMS 0x000000008ce00000, 0x000000008ce00000| Untracked 
| 207|0x000000008cf00000, 0x000000008cf00000, 0x000000008d000000|  0%| F|  |TAMS 0x000000008cf00000, 0x000000008cf00000| Untracked 
| 208|0x000000008d000000, 0x000000008d000000, 0x000000008d100000|  0%| F|  |TAMS 0x000000008d000000, 0x000000008d000000| Untracked 
| 209|0x000000008d100000, 0x000000008d100000, 0x000000008d200000|  0%| F|  |TAMS 0x000000008d100000, 0x000000008d100000| Untracked 
| 210|0x000000008d200000, 0x000000008d200000, 0x000000008d300000|  0%| F|  |TAMS 0x000000008d200000, 0x000000008d200000| Untracked 
| 211|0x000000008d300000, 0x000000008d300000, 0x000000008d400000|  0%| F|  |TAMS 0x000000008d300000, 0x000000008d300000| Untracked 
| 212|0x000000008d400000, 0x000000008d400000, 0x000000008d500000|  0%| F|  |TAMS 0x000000008d400000, 0x000000008d400000| Untracked 
| 213|0x000000008d500000, 0x000000008d500000, 0x000000008d600000|  0%| F|  |TAMS 0x000000008d500000, 0x000000008d500000| Untracked 
| 214|0x000000008d600000, 0x000000008d600000, 0x000000008d700000|  0%| F|  |TAMS 0x000000008d600000, 0x000000008d600000| Untracked 
| 215|0x000000008d700000, 0x000000008d700000, 0x000000008d800000|  0%| F|  |TAMS 0x000000008d700000, 0x000000008d700000| Untracked 
| 218|0x000000008da00000, 0x000000008da00000, 0x000000008db00000|  0%| F|  |TAMS 0x000000008da00000, 0x000000008da00000| Untracked 
| 219|0x000000008db00000, 0x000000008db00000, 0x000000008dc00000|  0%| F|  |TAMS 0x000000008db00000, 0x000000008db00000| Untracked 
| 220|0x000000008dc00000, 0x000000008dc00000, 0x000000008dd00000|  0%| F|  |TAMS 0x000000008dc00000, 0x000000008dc00000| Untracked 
| 221|0x000000008dd00000, 0x000000008dd00000, 0x000000008de00000|  0%| F|  |TAMS 0x000000008dd00000, 0x000000008dd00000| Untracked 
| 222|0x000000008de00000, 0x000000008de00000, 0x000000008df00000|  0%| F|  |TAMS 0x000000008de00000, 0x000000008de00000| Untracked 
| 223|0x000000008df00000, 0x000000008df00000, 0x000000008e000000|  0%| F|  |TAMS 0x000000008df00000, 0x000000008df00000| Untracked 
| 224|0x000000008e000000, 0x000000008e000000, 0x000000008e100000|  0%| F|  |TAMS 0x000000008e000000, 0x000000008e000000| Untracked 
| 225|0x000000008e100000, 0x000000008e100000, 0x000000008e200000|  0%| F|  |TAMS 0x000000008e100000, 0x000000008e100000| Untracked 
| 226|0x000000008e200000, 0x000000008e200000, 0x000000008e300000|  0%| F|  |TAMS 0x000000008e200000, 0x000000008e200000| Untracked 
| 227|0x000000008e300000, 0x000000008e3e0d30, 0x000000008e400000| 87%| E|  |TAMS 0x000000008e300000, 0x000000008e300000| Complete 
| 228|0x000000008e400000, 0x000000008e500000, 0x000000008e500000|100%| E|CS|TAMS 0x000000008e400000, 0x000000008e400000| Complete 
| 229|0x000000008e500000, 0x000000008e600000, 0x000000008e600000|100%| E|CS|TAMS 0x000000008e500000, 0x000000008e500000| Complete 
|2042|0x00000000ffa00000, 0x00000000ffb00000, 0x00000000ffb00000|100%| O|  |TAMS 0x00000000ffad7600, 0x00000000ffa00000| Untracked 
|2043|0x00000000ffb00000, 0x00000000ffc00000, 0x00000000ffc00000|100%| O|  |TAMS 0x00000000ffc00000, 0x00000000ffb00000| Untracked 
|2044|0x00000000ffc00000, 0x00000000ffd00000, 0x00000000ffd00000|100%| O|  |TAMS 0x00000000ffd00000, 0x00000000ffc00000| Untracked 
|2045|0x00000000ffd00000, 0x00000000ffe00000, 0x00000000ffe00000|100%| O|  |TAMS 0x00000000ffe00000, 0x00000000ffd00000| Untracked 
|2046|0x00000000ffe00000, 0x00000000fff00000, 0x00000000fff00000|100%| O|  |TAMS 0x00000000fff00000, 0x00000000ffe00000| Untracked 
|2047|0x00000000fff00000, 0x0000000100000000, 0x0000000100000000|100%| O|  |TAMS 0x0000000100000000, 0x00000000fff00000| Untracked 

Card table byte_map: [0x00000217ccfd0000,0x00000217cd3d0000] _byte_map_base: 0x00000217ccbd0000

Marking Bits (Prev, Next): (CMBitMap*) 0x00000217b607db70, (CMBitMap*) 0x00000217b607db30
 Prev Bits: [0x00000217cf7d0000, 0x00000217d17d0000)
 Next Bits: [0x00000217cd7d0000, 0x00000217cf7d0000)

Polling page: 0x00000217b4000000

Metaspace:

Usage:
  Non-class:    101.43 MB used.
      Class:     15.07 MB used.
       Both:    116.50 MB used.

Virtual space:
  Non-class space:      104.00 MB reserved,     101.81 MB ( 98%) committed,  13 nodes.
      Class space:      412.00 MB reserved,      15.44 MB (  4%) committed,  1 nodes.
             Both:      516.00 MB reserved,     117.25 MB ( 23%) committed. 

Chunk freelists:
   Non-Class:  2.02 MB
       Class:  446.00 KB
        Both:  2.45 MB

MaxMetaspaceSize: 512.00 MB
CompressedClassSpaceSize: 412.00 MB
Initial GC threshold: 21.00 MB
Current GC threshold: 160.31 MB
CDS: on
MetaspaceReclaimPolicy: balanced
 - commit_granule_bytes: 65536.
 - commit_granule_words: 8192.
 - virtual_space_node_default_size: 1048576.
 - enlarge_chunks_in_place: 1.
 - new_chunks_are_fully_committed: 0.
 - uncommit_free_chunks: 1.
 - use_allocation_guard: 0.
 - handle_deallocations: 1.


Internal statistics:

num_allocs_failed_limit: 9.
num_arena_births: 854.
num_arena_deaths: 2.
num_vsnodes_births: 14.
num_vsnodes_deaths: 0.
num_space_committed: 1874.
num_space_uncommitted: 0.
num_chunks_returned_to_freelist: 17.
num_chunks_taken_from_freelist: 5109.
num_chunk_merges: 9.
num_chunk_splits: 3778.
num_chunks_enlarged: 2949.
num_purges: 2.
num_inconsistent_stats: 0.

CodeHeap 'non-profiled nmethods': size=120000Kb used=7223Kb max_used=7223Kb free=112776Kb
 bounds [0x00000217c5370000, 0x00000217c5a80000, 0x00000217cc8a0000]
CodeHeap 'profiled nmethods': size=120000Kb used=29122Kb max_used=29122Kb free=90878Kb
 bounds [0x00000217bde40000, 0x00000217bfac0000, 0x00000217c5370000]
CodeHeap 'non-nmethods': size=5760Kb used=2502Kb max_used=2584Kb free=3257Kb
 bounds [0x00000217bd8a0000, 0x00000217bdb40000, 0x00000217bde40000]
 total_blobs=15429 nmethods=14375 adapters=963
 compilation: enabled
              stopped_count=0, restarted_count=0
 full_count=0

Compilation events (20 events):
Event: 205.970 Thread 0x00000217d41eaf50 nmethod 17347 0x00000217bfab2190 code [0x00000217bfab2320, 0x00000217bfab24f8]
Event: 206.052 Thread 0x00000217d41ea5a0 17348       4       org.gradle.internal.logging.sink.OutputEventRenderer$LazyListener::onOutput (95 bytes)
Event: 206.063 Thread 0x00000217d41ea5a0 nmethod 17348 0x00000217c5a75410 code [0x00000217c5a755c0, 0x00000217c5a757b8]
Event: 206.082 Thread 0x00000217d41ea5a0 17349       4       sun.nio.ch.NioSocketImpl::ensureOpenAndConnected (36 bytes)
Event: 206.083 Thread 0x00000217d41ea5a0 nmethod 17349 0x00000217c5a75a10 code [0x00000217c5a75b80, 0x00000217c5a75c18]
Event: 206.084 Thread 0x00000217d41ea5a0 17350       4       sun.security.ssl.SSLSocketInputRecord::readHeader (43 bytes)
Event: 206.343 Thread 0x00000217d41ea5a0 nmethod 17350 0x00000217c5a75d10 code [0x00000217c5a76040, 0x00000217c5a78ec8]
Event: 206.344 Thread 0x00000217d41ea5a0 17354       4       org.gradle.internal.serialize.DefaultSerializerRegistry$TaggedTypeSerializer::write (37 bytes)
Event: 206.365 Thread 0x00000217d41ea5a0 nmethod 17354 0x00000217c5a7b910 code [0x00000217c5a7bae0, 0x00000217c5a7bec8]
Event: 206.365 Thread 0x00000217d41ea5a0 17353   !   4       com.esotericsoftware.kryo.io.Output::flush (57 bytes)
Event: 206.368 Thread 0x00000217d41ea5a0 nmethod 17353 0x00000217c5a7c390 code [0x00000217c5a7c520, 0x00000217c5a7c618]
Event: 206.369 Thread 0x00000217d41ea5a0 17352       4       java.math.BigDecimal::valueOf (57 bytes)
Event: 206.373 Thread 0x00000217d41ea5a0 nmethod 17352 0x00000217c5a7c710 code [0x00000217c5a7c8a0, 0x00000217c5a7ca18]
Event: 206.373 Thread 0x00000217d41ea5a0 17351       4       java.nio.HeapByteBuffer::get (64 bytes)
Event: 206.382 Thread 0x00000217d41ea5a0 nmethod 17351 0x00000217c5a7cb10 code [0x00000217c5a7cca0, 0x00000217c5a7cfa8]
Event: 206.588 Thread 0x00000217d41ea5a0 17355       4       org.gradle.internal.serialize.kryo.KryoBackedEncoder::flush (8 bytes)
Event: 206.592 Thread 0x00000217d41ea5a0 nmethod 17355 0x00000217c5a7d310 code [0x00000217c5a7d4a0, 0x00000217c5a7d5b8]
Event: 206.742 Thread 0x00000217d41ea5a0 17356   !   4       sun.nio.ch.NioSocketImpl::configureNonBlocking (63 bytes)
Event: 206.747 Thread 0x00000217d41ea5a0 nmethod 17356 0x00000217c5a7d710 code [0x00000217c5a7d8a0, 0x00000217c5a7dbe8]
Event: 206.796 Thread 0x00000217d41ea5a0 17357       4       javax.management.ObjectName::construct (1135 bytes)

GC Heap History (20 events):
Event: 124.745 GC heap before
{Heap before GC invocations=76 (full 0):
 garbage-first heap   total 225280K, used 197693K [0x0000000080000000, 0x0000000100000000)
  region size 1024K, 124 young (126976K), 8 survivors (8192K)
 Metaspace       used 74351K, committed 75008K, reserved 487424K
  class space    used 10396K, committed 10688K, reserved 421888K
}
Event: 124.753 GC heap after
{Heap after GC invocations=77 (full 0):
 garbage-first heap   total 225280K, used 63051K [0x0000000080000000, 0x0000000100000000)
  region size 1024K, 3 young (3072K), 3 survivors (3072K)
 Metaspace       used 74351K, committed 75008K, reserved 487424K
  class space    used 10396K, committed 10688K, reserved 421888K
}
Event: 128.983 GC heap before
{Heap before GC invocations=77 (full 0):
 garbage-first heap   total 225280K, used 193099K [0x0000000080000000, 0x0000000100000000)
  region size 1024K, 130 young (133120K), 3 survivors (3072K)
 Metaspace       used 74955K, committed 75584K, reserved 487424K
  class space    used 10452K, committed 10752K, reserved 421888K
}
Event: 128.990 GC heap after
{Heap after GC invocations=78 (full 0):
 garbage-first heap   total 225280K, used 62999K [0x0000000080000000, 0x0000000100000000)
  region size 1024K, 3 young (3072K), 3 survivors (3072K)
 Metaspace       used 74955K, committed 75584K, reserved 487424K
  class space    used 10452K, committed 10752K, reserved 421888K
}
Event: 140.857 GC heap before
{Heap before GC invocations=78 (full 0):
 garbage-first heap   total 225280K, used 197143K [0x0000000080000000, 0x0000000100000000)
  region size 1024K, 131 young (134144K), 3 survivors (3072K)
 Metaspace       used 80927K, committed 81536K, reserved 495616K
  class space    used 11165K, committed 11456K, reserved 421888K
}
Event: 140.868 GC heap after
{Heap after GC invocations=79 (full 0):
 garbage-first heap   total 225280K, used 66958K [0x0000000080000000, 0x0000000100000000)
  region size 1024K, 4 young (4096K), 4 survivors (4096K)
 Metaspace       used 80927K, committed 81536K, reserved 495616K
  class space    used 11165K, committed 11456K, reserved 421888K
}
Event: 150.043 GC heap before
{Heap before GC invocations=79 (full 0):
 garbage-first heap   total 225280K, used 213390K [0x0000000080000000, 0x0000000100000000)
  region size 1024K, 128 young (131072K), 4 survivors (4096K)
 Metaspace       used 89176K, committed 89856K, reserved 503808K
  class space    used 12136K, committed 12480K, reserved 421888K
}
Event: 150.091 GC heap after
{Heap after GC invocations=80 (full 0):
 garbage-first heap   total 239616K, used 86797K [0x0000000080000000, 0x0000000100000000)
  region size 1024K, 16 young (16384K), 16 survivors (16384K)
 Metaspace       used 89176K, committed 89856K, reserved 503808K
  class space    used 12136K, committed 12480K, reserved 421888K
}
Event: 157.532 GC heap before
{Heap before GC invocations=80 (full 0):
 garbage-first heap   total 239616K, used 160525K [0x0000000080000000, 0x0000000100000000)
  region size 1024K, 84 young (86016K), 16 survivors (16384K)
 Metaspace       used 97519K, committed 98240K, reserved 512000K
  class space    used 13000K, committed 13312K, reserved 421888K
}
Event: 157.592 GC heap after
{Heap after GC invocations=81 (full 0):
 garbage-first heap   total 239616K, used 98360K [0x0000000080000000, 0x0000000100000000)
  region size 1024K, 6 young (6144K), 6 survivors (6144K)
 Metaspace       used 97519K, committed 98240K, reserved 512000K
  class space    used 13000K, committed 13312K, reserved 421888K
}
Event: 164.196 GC heap before
{Heap before GC invocations=82 (full 0):
 garbage-first heap   total 239616K, used 191669K [0x0000000080000000, 0x0000000100000000)
  region size 1024K, 97 young (99328K), 6 survivors (6144K)
 Metaspace       used 102906K, committed 103616K, reserved 512000K
  class space    used 13676K, committed 14016K, reserved 421888K
}
Event: 164.227 GC heap after
{Heap after GC invocations=83 (full 0):
 garbage-first heap   total 239616K, used 102611K [0x0000000080000000, 0x0000000100000000)
  region size 1024K, 11 young (11264K), 11 survivors (11264K)
 Metaspace       used 102906K, committed 103616K, reserved 512000K
  class space    used 13676K, committed 14016K, reserved 421888K
}
Event: 164.240 GC heap before
{Heap before GC invocations=83 (full 0):
 garbage-first heap   total 239616K, used 103635K [0x0000000080000000, 0x0000000100000000)
  region size 1024K, 12 young (12288K), 11 survivors (11264K)
 Metaspace       used 102908K, committed 103616K, reserved 512000K
  class space    used 13676K, committed 14016K, reserved 421888K
}
Event: 164.256 GC heap after
{Heap after GC invocations=84 (full 0):
 garbage-first heap   total 239616K, used 102604K [0x0000000080000000, 0x0000000100000000)
  region size 1024K, 2 young (2048K), 2 survivors (2048K)
 Metaspace       used 102908K, committed 103616K, reserved 512000K
  class space    used 13676K, committed 14016K, reserved 421888K
}
Event: 172.489 GC heap before
{Heap before GC invocations=84 (full 0):
 garbage-first heap   total 239616K, used 191692K [0x0000000080000000, 0x0000000100000000)
  region size 1024K, 90 young (92160K), 2 survivors (2048K)
 Metaspace       used 111390K, committed 112064K, reserved 520192K
  class space    used 14491K, committed 14848K, reserved 421888K
}
Event: 172.507 GC heap after
{Heap after GC invocations=85 (full 0):
 garbage-first heap   total 239616K, used 108495K [0x0000000080000000, 0x0000000100000000)
  region size 1024K, 7 young (7168K), 7 survivors (7168K)
 Metaspace       used 111390K, committed 112064K, reserved 520192K
  class space    used 14491K, committed 14848K, reserved 421888K
}
Event: 183.509 GC heap before
{Heap before GC invocations=85 (full 0):
 garbage-first heap   total 239616K, used 193487K [0x0000000080000000, 0x0000000100000000)
  region size 1024K, 90 young (92160K), 7 survivors (7168K)
 Metaspace       used 117025K, committed 117760K, reserved 528384K
  class space    used 15154K, committed 15488K, reserved 421888K
}
Event: 183.563 GC heap after
{Heap after GC invocations=86 (full 0):
 garbage-first heap   total 239616K, used 109550K [0x0000000080000000, 0x0000000100000000)
  region size 1024K, 7 young (7168K), 7 survivors (7168K)
 Metaspace       used 117025K, committed 117760K, reserved 528384K
  class space    used 15154K, committed 15488K, reserved 421888K
}
Event: 205.535 GC heap before
{Heap before GC invocations=86 (full 0):
 garbage-first heap   total 239616K, used 193518K [0x0000000080000000, 0x0000000100000000)
  region size 1024K, 89 young (91136K), 7 survivors (7168K)
 Metaspace       used 119281K, committed 120064K, reserved 528384K
  class space    used 15427K, committed 15808K, reserved 421888K
}
Event: 205.580 GC heap after
{Heap after GC invocations=87 (full 0):
 garbage-first heap   total 239616K, used 111154K [0x0000000080000000, 0x0000000100000000)
  region size 1024K, 8 young (8192K), 8 survivors (8192K)
 Metaspace       used 119281K, committed 120064K, reserved 528384K
  class space    used 15427K, committed 15808K, reserved 421888K
}

Deoptimization events (20 events):
Event: 199.141 Thread 0x00000217dbef6be0 Uncommon trap: trap_request=0xffffffde fr.pc=0x00000217c55fb6a8 relative=0x0000000000000288
Event: 199.141 Thread 0x00000217dbef6be0 Uncommon trap: reason=class_check action=maybe_recompile pc=0x00000217c55fb6a8 method=java.util.stream.StreamOpFlag.fromCharacteristics(Ljava/util/Spliterator;)I @ 14 c2
Event: 199.141 Thread 0x00000217dbef6be0 DEOPT PACKING pc=0x00000217c55fb6a8 sp=0x00000096d2afd570
Event: 199.141 Thread 0x00000217dbef6be0 DEOPT UNPACKING pc=0x00000217bd8f23a3 sp=0x00000096d2afd458 mode 2
Event: 199.164 Thread 0x00000217dbef6be0 DEOPT PACKING pc=0x00000217bf7dc27c sp=0x00000096d2afd840
Event: 199.164 Thread 0x00000217dbef6be0 DEOPT UNPACKING pc=0x00000217bd8f2b43 sp=0x00000096d2afcd00 mode 0
Event: 199.701 Thread 0x00000217dbef6be0 Uncommon trap: trap_request=0xffffffcc fr.pc=0x00000217c5926854 relative=0x00000000000002b4
Event: 199.701 Thread 0x00000217dbef6be0 Uncommon trap: reason=intrinsic_or_type_checked_inlining action=make_not_entrant pc=0x00000217c5926854 method=java.util.Arrays.copyOfRange([Ljava/lang/Object;IILjava/lang/Class;)[Ljava/lang/Object; @ 84 c2
Event: 199.701 Thread 0x00000217dbef6be0 DEOPT PACKING pc=0x00000217c5926854 sp=0x00000096d2afa090
Event: 199.701 Thread 0x00000217dbef6be0 DEOPT UNPACKING pc=0x00000217bd8f23a3 sp=0x00000096d2afa010 mode 2
Event: 201.200 Thread 0x00000217d9749870 DEOPT PACKING pc=0x00000217beac79c6 sp=0x00000096cd6fbb40
Event: 201.202 Thread 0x00000217d9749870 DEOPT UNPACKING pc=0x00000217bd8f2b43 sp=0x00000096cd6faff0 mode 0
Event: 201.414 Thread 0x00000217dbef6be0 DEOPT PACKING pc=0x00000217be36a5ba sp=0x00000096d2af7660
Event: 201.414 Thread 0x00000217dbef6be0 DEOPT UNPACKING pc=0x00000217bd8f2b43 sp=0x00000096d2af6b58 mode 0
Event: 201.822 Thread 0x00000217d97493a0 DEOPT PACKING pc=0x00000217bef2e238 sp=0x00000096cd5fcd70
Event: 201.823 Thread 0x00000217d97493a0 DEOPT UNPACKING pc=0x00000217bd8f2b43 sp=0x00000096cd5fc230 mode 0
Event: 205.608 Thread 0x00000217d41c4a40 Uncommon trap: trap_request=0xffffff45 fr.pc=0x00000217c5a4badc relative=0x0000000000000cdc
Event: 205.608 Thread 0x00000217d41c4a40 Uncommon trap: reason=unstable_if action=reinterpret pc=0x00000217c5a4badc method=com.sun.crypto.provider.GCTR.update([BII[BI)I @ 1 c2
Event: 205.608 Thread 0x00000217d41c4a40 DEOPT PACKING pc=0x00000217c5a4badc sp=0x00000096c9afe8e0
Event: 205.609 Thread 0x00000217d41c4a40 DEOPT UNPACKING pc=0x00000217bd8f23a3 sp=0x00000096c9afe810 mode 2

Classes unloaded (13 events):
Event: 43.820 Thread 0x00000217d41bd8f0 Unloading class 0x00000008010c6bb8 '_BuildScript_$_run_closure1$_closure3$_closure10$_closure12'
Event: 43.820 Thread 0x00000217d41bd8f0 Unloading class 0x00000008010c67d0 '_BuildScript_$_run_closure1$_closure3$_closure10$_closure11'
Event: 43.820 Thread 0x00000217d41bd8f0 Unloading class 0x00000008010c63e8 '_BuildScript_$_run_closure1$_closure3$_closure10'
Event: 43.820 Thread 0x00000217d41bd8f0 Unloading class 0x00000008010c6000 '_BuildScript_$_run_closure1$_closure3'
Event: 43.820 Thread 0x00000217d41bd8f0 Unloading class 0x00000008010c5b58 '_BuildScript_$_run_closure1$_closure2$_closure4$_closure7$_closure9'
Event: 43.820 Thread 0x00000217d41bd8f0 Unloading class 0x00000008010c5770 '_BuildScript_$_run_closure1$_closure2$_closure4$_closure7'
Event: 43.820 Thread 0x00000217d41bd8f0 Unloading class 0x00000008010c5388 '_BuildScript_$_run_closure1$_closure2$_closure4$_closure6$_closure8'
Event: 43.820 Thread 0x00000217d41bd8f0 Unloading class 0x00000008010c4fa0 '_BuildScript_$_run_closure1$_closure2$_closure4$_closure6'
Event: 43.820 Thread 0x00000217d41bd8f0 Unloading class 0x00000008010c4bb8 '_BuildScript_$_run_closure1$_closure2$_closure4$_closure5'
Event: 43.820 Thread 0x00000217d41bd8f0 Unloading class 0x00000008010c47d0 '_BuildScript_$_run_closure1$_closure2$_closure4'
Event: 43.820 Thread 0x00000217d41bd8f0 Unloading class 0x00000008010c43e8 '_BuildScript_$_run_closure1$_closure2'
Event: 43.820 Thread 0x00000217d41bd8f0 Unloading class 0x00000008010c4000 '_BuildScript_$_run_closure1'
Event: 43.820 Thread 0x00000217d41bd8f0 Unloading class 0x00000008010bc000 '_BuildScript_'

Classes redefined (0 events):
No events

Internal exceptions (20 events):
Event: 176.587 Thread 0x00000217d67c9a30 Exception <a 'java/lang/ClassNotFoundException'{0x000000008c4364c8}: org/gradle/internal/classpath/AccessTrackingPropertiesCustomizer> (0x000000008c4364c8) 
thrown [s\open\src\hotspot\share\classfile\systemDictionary.cpp, line 256]
Event: 176.636 Thread 0x00000217d67c9a30 Exception <a 'java/lang/ClassNotFoundException'{0x000000008c048478}: org/gradle/api/internal/artifacts/dsl/DefaultRepositoryHandler_DecoratedBeanInfo> (0x000000008c048478) 
thrown [s\open\src\hotspot\share\classfile\systemDictionary.cpp, line 256]
Event: 176.639 Thread 0x00000217d67c9a30 Exception <a 'java/lang/ClassNotFoundException'{0x000000008c05d750}: org/gradle/api/internal/artifacts/dsl/DefaultRepositoryHandlerBeanInfo> (0x000000008c05d750) 
thrown [s\open\src\hotspot\share\classfile\systemDictionary.cpp, line 256]
Event: 176.642 Thread 0x00000217d67c9a30 Exception <a 'java/lang/ClassNotFoundException'{0x000000008c073900}: org/gradle/api/internal/artifacts/DefaultArtifactRepositoryContainerBeanInfo> (0x000000008c073900) 
thrown [s\open\src\hotspot\share\classfile\systemDictionary.cpp, line 256]
Event: 176.645 Thread 0x00000217d67c9a30 Exception <a 'java/lang/ClassNotFoundException'{0x000000008c087370}: org/gradle/api/internal/DefaultNamedDomainObjectListBeanInfo> (0x000000008c087370) 
thrown [s\open\src\hotspot\share\classfile\systemDictionary.cpp, line 256]
Event: 176.648 Thread 0x00000217d67c9a30 Exception <a 'java/lang/ClassNotFoundException'{0x000000008c09ac68}: org/gradle/api/internal/DefaultNamedDomainObjectCollectionBeanInfo> (0x000000008c09ac68) 
thrown [s\open\src\hotspot\share\classfile\systemDictionary.cpp, line 256]
Event: 176.653 Thread 0x00000217d67c9a30 Exception <a 'java/lang/ClassNotFoundException'{0x000000008c0ae700}: org/gradle/api/internal/DefaultDomainObjectCollectionBeanInfo> (0x000000008c0ae700) 
thrown [s\open\src\hotspot\share\classfile\systemDictionary.cpp, line 256]
Event: 176.655 Thread 0x00000217d67c9a30 Exception <a 'java/lang/ClassNotFoundException'{0x000000008c0c2218}: org/gradle/api/internal/DefaultDomainObjectCollectionCustomizer> (0x000000008c0c2218) 
thrown [s\open\src\hotspot\share\classfile\systemDictionary.cpp, line 256]
Event: 176.660 Thread 0x00000217d67c9a30 Exception <a 'java/lang/ClassNotFoundException'{0x000000008c0f3ec0}: org/gradle/api/internal/DefaultNamedDomainObjectCollectionCustomizer> (0x000000008c0f3ec0) 
thrown [s\open\src\hotspot\share\classfile\systemDictionary.cpp, line 256]
Event: 176.665 Thread 0x00000217d67c9a30 Exception <a 'java/lang/ClassNotFoundException'{0x000000008bf2f5b0}: org/gradle/api/internal/DefaultNamedDomainObjectListCustomizer> (0x000000008bf2f5b0) 
thrown [s\open\src\hotspot\share\classfile\systemDictionary.cpp, line 256]
Event: 176.671 Thread 0x00000217d67c9a30 Exception <a 'java/lang/ClassNotFoundException'{0x000000008bf5f3c0}: org/gradle/api/internal/artifacts/DefaultArtifactRepositoryContainerCustomizer> (0x000000008bf5f3c0) 
thrown [s\open\src\hotspot\share\classfile\systemDictionary.cpp, line 256]
Event: 176.676 Thread 0x00000217d67c9a30 Exception <a 'java/lang/ClassNotFoundException'{0x000000008bf86de0}: org/gradle/api/internal/artifacts/dsl/DefaultRepositoryHandlerCustomizer> (0x000000008bf86de0) 
thrown [s\open\src\hotspot\share\classfile\systemDictionary.cpp, line 256]
Event: 176.682 Thread 0x00000217d67c9a30 Exception <a 'java/lang/ClassNotFoundException'{0x000000008bfbbe50}: org/gradle/api/internal/artifacts/dsl/DefaultRepositoryHandler_DecoratedCustomizer> (0x000000008bfbbe50) 
thrown [s\open\src\hotspot\share\classfile\systemDictionary.cpp, line 256]
Event: 176.712 Thread 0x00000217d67c9a30 Exception <a 'java/lang/ClassNotFoundException'{0x000000008be53470}: org/gradle/api/internal/artifacts/dsl/dependencies/DefaultDependencyHandler_DecoratedBeanInfo> (0x000000008be53470) 
thrown [s\open\src\hotspot\share\classfile\systemDictionary.cpp, line 256]
Event: 176.715 Thread 0x00000217d67c9a30 Exception <a 'java/lang/ClassNotFoundException'{0x000000008be68498}: org/gradle/api/internal/artifacts/dsl/dependencies/DefaultDependencyHandlerBeanInfo> (0x000000008be68498) 
thrown [s\open\src\hotspot\share\classfile\systemDictionary.cpp, line 256]
Event: 176.719 Thread 0x00000217d67c9a30 Exception <a 'java/lang/ClassNotFoundException'{0x000000008be7d480}: org/gradle/api/internal/artifacts/dsl/dependencies/DefaultDependencyHandlerCustomizer> (0x000000008be7d480) 
thrown [s\open\src\hotspot\share\classfile\systemDictionary.cpp, line 256]
Event: 176.725 Thread 0x00000217d67c9a30 Exception <a 'java/lang/ClassNotFoundException'{0x000000008bebb150}: org/gradle/api/internal/artifacts/dsl/dependencies/DefaultDependencyHandler_DecoratedCustomizer> (0x000000008bebb150) 
thrown [s\open\src\hotspot\share\classfile\systemDictionary.cpp, line 256]
Event: 188.841 Thread 0x00000217d67c9a30 Implicit null exception at 0x00000217c562364b to 0x00000217c5623670
Event: 198.576 Thread 0x00000217dbef6be0 Exception <a 'java/lang/NoSuchMethodError'{0x000000008ac72e00}: 'java.lang.Object java.lang.invoke.Invokers$Holder.linkToTargetMethod(java.lang.Object, java.lang.Object, java.lang.Object, int, java.lang.Object, java.lang.Object)'> (0x000000008ac72e00) 
thrown [s\open\src\hotspot\share\interpreter\linkResolver.cpp, line 759]
Event: 199.827 Thread 0x00000217dbef6be0 Exception <a 'java/lang/NoSuchMethodError'{0x000000008aaaf1a0}: 'int java.lang.invoke.DirectMethodHandle$Holder.invokeSpecial(java.lang.Object, java.lang.Object, java.lang.Object, java.lang.Object, java.lang.Object)'> (0x000000008aaaf1a0) 
thrown [s\open\src\hotspot\share\interpreter\linkResolver.cpp, line 759]

VM Operations (20 events):
Event: 199.076 Executing VM operation: Cleanup
Event: 199.138 Executing VM operation: Cleanup done
Event: 199.162 Executing VM operation: HandshakeAllThreads
Event: 199.163 Executing VM operation: HandshakeAllThreads done
Event: 199.836 Executing VM operation: HandshakeAllThreads
Event: 199.836 Executing VM operation: HandshakeAllThreads done
Event: 200.850 Executing VM operation: Cleanup
Event: 200.851 Executing VM operation: Cleanup done
Event: 201.861 Executing VM operation: Cleanup
Event: 201.873 Executing VM operation: Cleanup done
Event: 203.885 Executing VM operation: Cleanup
Event: 203.886 Executing VM operation: Cleanup done
Event: 204.890 Executing VM operation: Cleanup
Event: 204.906 Executing VM operation: Cleanup done
Event: 205.535 Executing VM operation: G1CollectForAllocation
Event: 205.601 Executing VM operation: G1CollectForAllocation done
Event: 206.601 Executing VM operation: Cleanup
Event: 206.723 Executing VM operation: Cleanup done
Event: 207.726 Executing VM operation: Cleanup
Event: 207.727 Executing VM operation: Cleanup done

Events (20 events):
Event: 194.340 loading class sun/security/ssl/SSLEngineOutputRecord$HandshakeMemo done
Event: 194.541 loading class sun/security/ssl/PreSharedKeyExtension$SHPreSharedKeySpec
Event: 194.542 loading class sun/security/ssl/PreSharedKeyExtension$SHPreSharedKeySpec done
Event: 194.928 Thread 0x00000217dbef70b0 Thread added: 0x00000217dbef70b0
Event: 194.929 Thread 0x00000217dbef7f20 Thread added: 0x00000217dbef7f20
Event: 197.164 Thread 0x00000217dbef6710 Thread added: 0x00000217dbef6710
Event: 197.165 Thread 0x00000217dbef7580 Thread added: 0x00000217dbef7580
Event: 198.340 Thread 0x00000217dbef6be0 Thread added: 0x00000217dbef6be0
Event: 198.410 Thread 0x00000217dbef7a50 Thread added: 0x00000217dbef7a50
Event: 198.411 Thread 0x00000217dbef83f0 Thread added: 0x00000217dbef83f0
Event: 198.411 Thread 0x00000217dbef88c0 Thread added: 0x00000217dbef88c0
Event: 198.418 Thread 0x00000217dbef53d0 Thread added: 0x00000217dbef53d0
Event: 198.418 Thread 0x00000217dbef5d70 Thread added: 0x00000217dbef5d70
Event: 198.419 Thread 0x00000217df5acd60 Thread added: 0x00000217df5acd60
Event: 198.419 Thread 0x00000217df5a8530 Thread added: 0x00000217df5a8530
Event: 198.673 Thread 0x00000217df5ad230 Thread added: 0x00000217df5ad230
Event: 199.139 loading class java/util/TreeMap$KeySpliterator
Event: 199.140 loading class java/util/TreeMap$TreeMapSpliterator
Event: 199.140 loading class java/util/TreeMap$TreeMapSpliterator done
Event: 199.140 loading class java/util/TreeMap$KeySpliterator done


Dynamic libraries:
0x00007ff7bbd30000 - 0x00007ff7bbd40000 	C:\Program Files\Java\jdk-17.0.4.1\bin\java.exe
0x00007ffa69ad0000 - 0x00007ffa69cc8000 	C:\Windows\SYSTEM32\ntdll.dll
0x00007ffa698a0000 - 0x00007ffa6995d000 	C:\Windows\System32\KERNEL32.DLL
0x00007ffa67340000 - 0x00007ffa6760e000 	C:\Windows\System32\KERNELBASE.dll
0x00007ffa67750000 - 0x00007ffa67850000 	C:\Windows\System32\ucrtbase.dll
0x00007ffa35660000 - 0x00007ffa3567a000 	C:\Program Files\Java\jdk-17.0.4.1\bin\VCRUNTIME140.dll
0x00007ffa343c0000 - 0x00007ffa343d8000 	C:\Program Files\Java\jdk-17.0.4.1\bin\jli.dll
0x00007ffa68a80000 - 0x00007ffa68b2e000 	C:\Windows\System32\ADVAPI32.dll
0x00007ffa69730000 - 0x00007ffa697ce000 	C:\Windows\System32\msvcrt.dll
0x00007ffa67f90000 - 0x00007ffa6802c000 	C:\Windows\System32\sechost.dll
0x00007ffa69960000 - 0x00007ffa69a85000 	C:\Windows\System32\RPCRT4.dll
0x00007ffa67b30000 - 0x00007ffa67cd0000 	C:\Windows\System32\USER32.dll
0x00007ffa442d0000 - 0x00007ffa4456a000 	C:\Windows\WinSxS\amd64_microsoft.windows.common-controls_6595b64144ccf1df_6.0.19041.1110_none_60b5254171f9507e\COMCTL32.dll
0x00007ffa67310000 - 0x00007ffa67332000 	C:\Windows\System32\win32u.dll
0x00007ffa67cd0000 - 0x00007ffa67cfa000 	C:\Windows\System32\GDI32.dll
0x00007ffa67640000 - 0x00007ffa6774b000 	C:\Windows\System32\gdi32full.dll
0x00007ffa67850000 - 0x00007ffa678ed000 	C:\Windows\System32\msvcp_win.dll
0x00007ffa60930000 - 0x00007ffa6093a000 	C:\Windows\SYSTEM32\VERSION.dll
0x00007ffa67d00000 - 0x00007ffa67d30000 	C:\Windows\System32\IMM32.DLL
0x00007ffa488c0000 - 0x00007ffa488cc000 	C:\Program Files\Java\jdk-17.0.4.1\bin\vcruntime140_1.dll
0x00007ffa23070000 - 0x00007ffa230fd000 	C:\Program Files\Java\jdk-17.0.4.1\bin\msvcp140.dll
0x00007ff9e5590000 - 0x00007ff9e6152000 	C:\Program Files\Java\jdk-17.0.4.1\bin\server\jvm.dll
0x00007ffa68030000 - 0x00007ffa68038000 	C:\Windows\System32\PSAPI.DLL
0x00007ffa45590000 - 0x00007ffa45599000 	C:\Windows\SYSTEM32\WSOCK32.dll
0x00007ffa682c0000 - 0x00007ffa6832b000 	C:\Windows\System32\WS2_32.dll
0x00007ffa49510000 - 0x00007ffa49537000 	C:\Windows\SYSTEM32\WINMM.dll
0x00007ffa650f0000 - 0x00007ffa65102000 	C:\Windows\SYSTEM32\kernel.appcore.dll
0x00007ffa35a70000 - 0x00007ffa35a7a000 	C:\Program Files\Java\jdk-17.0.4.1\bin\jimage.dll
0x00007ffa538b0000 - 0x00007ffa53a94000 	C:\Windows\SYSTEM32\DBGHELP.DLL
0x00007ffa48810000 - 0x00007ffa4883c000 	C:\Windows\SYSTEM32\dbgcore.DLL
0x00007ffa678f0000 - 0x00007ffa67972000 	C:\Windows\System32\bcryptPrimitives.dll
0x00007ffa32590000 - 0x00007ffa325b5000 	C:\Program Files\Java\jdk-17.0.4.1\bin\java.dll
0x00007ff9ee260000 - 0x00007ff9ee336000 	C:\Program Files\Java\jdk-17.0.4.1\bin\jsvml.dll
0x00007ffa68330000 - 0x00007ffa68a74000 	C:\Windows\System32\SHELL32.dll
0x00007ffa652f0000 - 0x00007ffa65a84000 	C:\Windows\SYSTEM32\windows.storage.dll
0x00007ffa68b90000 - 0x00007ffa68ee4000 	C:\Windows\System32\combase.dll
0x00007ffa66c50000 - 0x00007ffa66c80000 	C:\Windows\SYSTEM32\Wldp.dll
0x00007ffa67ee0000 - 0x00007ffa67f8d000 	C:\Windows\System32\SHCORE.dll
0x00007ffa67de0000 - 0x00007ffa67e35000 	C:\Windows\System32\shlwapi.dll
0x00007ffa67130000 - 0x00007ffa6714f000 	C:\Windows\SYSTEM32\profapi.dll
0x00007ffa62ee0000 - 0x00007ffa62ef9000 	C:\Program Files\Java\jdk-17.0.4.1\bin\net.dll
0x00007ffa5ffb0000 - 0x00007ffa600ba000 	C:\Windows\SYSTEM32\WINHTTP.dll
0x00007ffa669b0000 - 0x00007ffa66a1a000 	C:\Windows\system32\mswsock.dll
0x00007ffa61a90000 - 0x00007ffa61aa6000 	C:\Program Files\Java\jdk-17.0.4.1\bin\nio.dll
0x00007ffa3cf60000 - 0x00007ffa3cf78000 	C:\Program Files\Java\jdk-17.0.4.1\bin\zip.dll
0x00007ffa61450000 - 0x00007ffa61460000 	C:\Program Files\Java\jdk-17.0.4.1\bin\verify.dll
0x00007ffa37d00000 - 0x00007ffa37d27000 	C:\Users\HP\.gradle\native\e1d6ef7f7dcc3fd88c89a11ec53ec762bb8ba0a96d01ffa2cd45eb1d1d8dd5c5\windows-amd64\native-platform.dll
0x00007ffa291e0000 - 0x00007ffa29324000 	C:\Users\HP\.gradle\native\0d407fdbe67a94daf76414ababcb853783967236a71b16ec16e742cd7a986fd3\windows-amd64\native-platform-file-events.dll
0x00007ffa31e30000 - 0x00007ffa31e39000 	C:\Program Files\Java\jdk-17.0.4.1\bin\management.dll
0x00007ffa31d70000 - 0x00007ffa31d7b000 	C:\Program Files\Java\jdk-17.0.4.1\bin\management_ext.dll
0x00007ffa66ba0000 - 0x00007ffa66bb8000 	C:\Windows\SYSTEM32\CRYPTSP.dll
0x00007ffa662c0000 - 0x00007ffa662f4000 	C:\Windows\system32\rsaenh.dll
0x00007ffa67610000 - 0x00007ffa67637000 	C:\Windows\System32\bcrypt.dll
0x00007ffa670f0000 - 0x00007ffa6711e000 	C:\Windows\SYSTEM32\USERENV.dll
0x00007ffa66bc0000 - 0x00007ffa66bcc000 	C:\Windows\SYSTEM32\CRYPTBASE.dll
0x00007ffa66650000 - 0x00007ffa6668b000 	C:\Windows\SYSTEM32\IPHLPAPI.DLL
0x00007ffa67ed0000 - 0x00007ffa67ed8000 	C:\Windows\System32\NSI.dll
0x00007ffa5e860000 - 0x00007ffa5e877000 	C:\Windows\SYSTEM32\dhcpcsvc6.DLL
0x00007ffa5f040000 - 0x00007ffa5f05d000 	C:\Windows\SYSTEM32\dhcpcsvc.DLL
0x00007ffa66690000 - 0x00007ffa6675a000 	C:\Windows\SYSTEM32\DNSAPI.dll
0x00007ffa31d60000 - 0x00007ffa31d6e000 	C:\Program Files\Java\jdk-17.0.4.1\bin\sunmscapi.dll
0x00007ffa67980000 - 0x00007ffa67ad6000 	C:\Windows\System32\CRYPT32.dll
0x00007ffa66cc0000 - 0x00007ffa66ce7000 	C:\Windows\SYSTEM32\ncrypt.dll
0x00007ffa66c80000 - 0x00007ffa66cbb000 	C:\Windows\SYSTEM32\NTASN1.dll
0x00007ffa319d0000 - 0x00007ffa319d7000 	C:\Windows\system32\wshunix.dll
0x000000006e190000 - 0x000000006e1b6000 	C:\Program Files\Bonjour\mdnsNSP.dll
0x00007ffa4d950000 - 0x00007ffa4d95a000 	C:\Windows\System32\rasadhlp.dll
0x00007ffa4c6c0000 - 0x00007ffa4c740000 	C:\Windows\System32\fwpuclnt.dll

dbghelp: loaded successfully - version: 4.0.5 - missing functions: none
symbol engine: initialized successfully - sym options: 0x614 - pdb path: .;C:\Program Files\Java\jdk-17.0.4.1\bin;C:\Windows\SYSTEM32;C:\Windows\WinSxS\amd64_microsoft.windows.common-controls_6595b64144ccf1df_6.0.19041.1110_none_60b5254171f9507e;C:\Program Files\Java\jdk-17.0.4.1\bin\server;C:\Users\HP\.gradle\native\e1d6ef7f7dcc3fd88c89a11ec53ec762bb8ba0a96d01ffa2cd45eb1d1d8dd5c5\windows-amd64;C:\Users\HP\.gradle\native\0d407fdbe67a94daf76414ababcb853783967236a71b16ec16e742cd7a986fd3\windows-amd64;C:\Program Files\Bonjour

VM Arguments:
jvm_args: -XX:MaxMetaspaceSize=512m --add-opens=java.base/java.util=ALL-UNNAMED --add-opens=java.base/java.lang=ALL-UNNAMED --add-opens=java.base/java.lang.invoke=ALL-UNNAMED --add-opens=java.base/java.util=ALL-UNNAMED --add-opens=java.prefs/java.util.prefs=ALL-UNNAMED --add-opens=java.prefs/java.util.prefs=ALL-UNNAMED --add-opens=java.base/java.nio.charset=ALL-UNNAMED --add-opens=java.base/java.net=ALL-UNNAMED --add-opens=java.base/java.util.concurrent.atomic=ALL-UNNAMED -Xmx2048m -Dfile.encoding=windows-1252 -Duser.country=US -Duser.language=en -Duser.variant 
java_command: org.gradle.launcher.daemon.bootstrap.GradleDaemon 7.5.1
java_class_path (initial): C:\Users\HP\.gradle\wrapper\dists\gradle-7.5.1-all\1ehga6e77gqps5uk2kc5kf1vc\gradle-7.5.1\lib\gradle-launcher-7.5.1.jar
Launcher Type: SUN_STANDARD

[Global flags]
     intx CICompilerCount                          = 4                                         {product} {ergonomic}
   size_t CompressedClassSpaceSize                 = 432013312                                 {product} {ergonomic}
     uint ConcGCThreads                            = 2                                         {product} {ergonomic}
     uint G1ConcRefinementThreads                  = 8                                         {product} {ergonomic}
   size_t G1HeapRegionSize                         = 1048576                                   {product} {ergonomic}
    uintx GCDrainStackTargetSize                   = 64                                        {product} {ergonomic}
   size_t InitialHeapSize                          = 132120576                                 {product} {ergonomic}
   size_t MarkStackSize                            = 4194304                                   {product} {ergonomic}
   size_t MaxHeapSize                              = 2147483648                                {product} {command line}
   size_t MaxMetaspaceSize                         = 536870912                                 {product} {command line}
   size_t MaxNewSize                               = 1287651328                                {product} {ergonomic}
   size_t MinHeapDeltaBytes                        = 1048576                                   {product} {ergonomic}
   size_t MinHeapSize                              = 8388608                                   {product} {ergonomic}
    uintx NonNMethodCodeHeapSize                   = 5839372                                {pd product} {ergonomic}
    uintx NonProfiledCodeHeapSize                  = 122909434                              {pd product} {ergonomic}
    uintx ProfiledCodeHeapSize                     = 122909434                              {pd product} {ergonomic}
    uintx ReservedCodeCacheSize                    = 251658240                              {pd product} {ergonomic}
     bool SegmentedCodeCache                       = true                                      {product} {ergonomic}
   size_t SoftMaxHeapSize                          = 2147483648                             {manageable} {ergonomic}
     bool UseCompressedClassPointers               = true                           {product lp64_product} {ergonomic}
     bool UseCompressedOops                        = true                           {product lp64_product} {ergonomic}
     bool UseG1GC                                  = true                                      {product} {ergonomic}
     bool UseLargePagesIndividualAllocation        = false                                  {pd product} {ergonomic}

Logging:
Log output configuration:
 #0: stdout all=warning uptime,level,tags
 #1: stderr all=off uptime,level,tags

Environment Variables:
CLASSPATH=c:\Users\HP\workspace\TestNexgoNativeModule\android\\gradle\wrapper\gradle-wrapper.jar
PATH=C:\Program Files\Common Files\Oracle\Java\javapath;C:\Windows\system32;C:\Windows;C:\Windows\System32\Wbem;C:\Windows\System32\WindowsPowerShell\v1.0\;C:\Windows\System32\OpenSSH\;C:\Program Files\Microsoft VS Code\bin;C:\Program Files\Git\cmd;C:\Users\HP\AppData\Local\Android\sdk\platform-tools;C:\xampp\php;C:\ProgramData\ComposerSetup\bin;C:\Program Files\PuTTY\;C:\Program Files\nodejs\;C:\ProgramData\chocolatey\bin;C:\OpenSSL\bin;C:\Users\HP\AppData\Local\Microsoft\WindowsApps;C:\Users\HP\AppData\Roaming\Composer\vendor\bin;C:\Users\HP\AppData\Roaming\npm
USERNAME=HP
OS=Windows_NT
PROCESSOR_IDENTIFIER=Intel64 Family 6 Model 142 Stepping 11, GenuineIntel



---------------  S Y S T E M  ---------------

OS:
 Windows 10 , 64 bit Build 19041 (10.0.19041.1889)
OS uptime: 4 days 1:07 hours

CPU: total 8 (initial active 8) (4 cores per cpu, 2 threads per core) family 6 model 142 stepping 11 microcode 0xae, cx8, cmov, fxsr, ht, mmx, 3dnowpref, sse, sse2, sse3, ssse3, sse4.1, sse4.2, popcnt, lzcnt, tsc, tscinvbit, avx, avx2, aes, erms, clmul, bmi1, bmi2, adx, fma, vzeroupper, clflush, clflushopt

Memory: 4k page, system-wide physical 8013M (98M free)
TotalPageFile size 32589M (AvailPageFile size 8M)
current process WorkingSet (physical memory assigned to process): 396M, peak: 468M
current process commit charge ("private bytes"): 580M, peak: 583M

vm_info: Java HotSpot(TM) 64-Bit Server VM (17.0.4.1+1-LTS-2) for windows-amd64 JRE (17.0.4.1+1-LTS-2), built on Aug 16 2022 18:32:06 by "mach5one" with MS VC++ 16.8 / 16.9 (VS2019)

END.
